The system is: Linux - 3.10.0-957.21.3.el7.x86_64 - x86_64
Compiling the C compiler identification source file "CMakeCCompilerId.c" succeeded.
Compiler: /opt/lcg/gcc/8.3.0-cebb0/x86_64-centos7/bin/gcc 
Build flags: 
Id flags:  

The output was:
0


Compilation of the C compiler identification source "CMakeCCompilerId.c" produced "a.out"

The C compiler identification is GNU, found in "/gpfs/fs1/home/whopkins/distanceRegression/geantNestedTwistedTrap/build/CMakeFiles/3.14.6/CompilerIdC/a.out"

Compiling the CXX compiler identification source file "CMakeCXXCompilerId.cpp" succeeded.
Compiler: /opt/lcg/gcc/8.3.0-cebb0/x86_64-centos7/bin/g++ 
Build flags: 
Id flags:  

The output was:
0


Compilation of the CXX compiler identification source "CMakeCXXCompilerId.cpp" produced "a.out"

The CXX compiler identification is GNU, found in "/gpfs/fs1/home/whopkins/distanceRegression/geantNestedTwistedTrap/build/CMakeFiles/3.14.6/CompilerIdCXX/a.out"

Determining if the C compiler works passed with the following output:
Change Dir: /gpfs/fs1/home/whopkins/distanceRegression/geantNestedTwistedTrap/build/CMakeFiles/CMakeTmp

Run Build Command(s):/usr/bin/gmake cmTC_44bae/fast 
/usr/bin/gmake -f CMakeFiles/cmTC_44bae.dir/build.make CMakeFiles/cmTC_44bae.dir/build
gmake[1]: Entering directory `/gpfs/fs1/home/whopkins/distanceRegression/geantNestedTwistedTrap/build/CMakeFiles/CMakeTmp'
Building C object CMakeFiles/cmTC_44bae.dir/testCCompiler.c.o
/opt/lcg/gcc/8.3.0-cebb0/x86_64-centos7/bin/gcc    -o CMakeFiles/cmTC_44bae.dir/testCCompiler.c.o   -c /gpfs/fs1/home/whopkins/distanceRegression/geantNestedTwistedTrap/build/CMakeFiles/CMakeTmp/testCCompiler.c
Linking C executable cmTC_44bae
/usr/local/bin/cmake -E cmake_link_script CMakeFiles/cmTC_44bae.dir/link.txt --verbose=1
/opt/lcg/gcc/8.3.0-cebb0/x86_64-centos7/bin/gcc      -rdynamic CMakeFiles/cmTC_44bae.dir/testCCompiler.c.o  -o cmTC_44bae 
gmake[1]: Leaving directory `/gpfs/fs1/home/whopkins/distanceRegression/geantNestedTwistedTrap/build/CMakeFiles/CMakeTmp'


Detecting C compiler ABI info compiled with the following output:
Change Dir: /gpfs/fs1/home/whopkins/distanceRegression/geantNestedTwistedTrap/build/CMakeFiles/CMakeTmp

Run Build Command(s):/usr/bin/gmake cmTC_2cec5/fast 
/usr/bin/gmake -f CMakeFiles/cmTC_2cec5.dir/build.make CMakeFiles/cmTC_2cec5.dir/build
gmake[1]: Entering directory `/gpfs/fs1/home/whopkins/distanceRegression/geantNestedTwistedTrap/build/CMakeFiles/CMakeTmp'
Building C object CMakeFiles/cmTC_2cec5.dir/CMakeCCompilerABI.c.o
/opt/lcg/gcc/8.3.0-cebb0/x86_64-centos7/bin/gcc   -v -o CMakeFiles/cmTC_2cec5.dir/CMakeCCompilerABI.c.o   -c /usr/local/share/cmake-3.14/Modules/CMakeCCompilerABI.c
Using built-in specs.
COLLECT_GCC=/opt/lcg/gcc/8.3.0-cebb0/x86_64-centos7/bin/gcc
Target: x86_64-pc-linux-gnu
Configured with: /tmp/dkonst/build/contrib/gcc-8.3.0/src/gcc/8.3.0/configure --prefix=/tmp/dkonst/lcgcmake-install/gcc/8.3.0/x86_64-centos7 -with-system-zlib --disable-multilib --enable-languages=all --with-gnu-ld --with-ld=/tmp/dkonst/lcgcmake-install/binutils/2.30/x86_64-centos7/bin/ld --with-gnu-as --with-as=/tmp/dkonst/lcgcmake-install/binutils/2.30/x86_64-centos7/bin/as
Thread model: posix
gcc version 8.3.0 (GCC) 
COLLECT_GCC_OPTIONS='-v' '-o' 'CMakeFiles/cmTC_2cec5.dir/CMakeCCompilerABI.c.o' '-c' '-mtune=generic' '-march=x86-64'
 /opt/lcg/gcc/8.3.0-cebb0/x86_64-centos7/bin/../libexec/gcc/x86_64-pc-linux-gnu/8.3.0/cc1 -quiet -v -iprefix /opt/lcg/gcc/8.3.0-cebb0/x86_64-centos7/bin/../lib/gcc/x86_64-pc-linux-gnu/8.3.0/ -isystem /opt/lcg/gcc/8.3.0-cebb0/x86_64-centos7/include /usr/local/share/cmake-3.14/Modules/CMakeCCompilerABI.c -quiet -dumpbase CMakeCCompilerABI.c -mtune=generic -march=x86-64 -auxbase-strip CMakeFiles/cmTC_2cec5.dir/CMakeCCompilerABI.c.o -version -o /tmp/cccxBzOc.s
GNU C17 (GCC) version 8.3.0 (x86_64-pc-linux-gnu)
	compiled by GNU C version 8.3.0, GMP version 6.1.0, MPFR version 3.1.4, MPC version 1.0.3, isl version isl-0.18-GMP

GGC heuristics: --param ggc-min-expand=100 --param ggc-min-heapsize=131072
ignoring nonexistent directory "/opt/lcg/gcc/8.3.0-cebb0/x86_64-centos7/bin/../lib/gcc/x86_64-pc-linux-gnu/8.3.0/../../../../x86_64-pc-linux-gnu/include"
ignoring duplicate directory "/opt/lcg/gcc/8.3.0-cebb0/x86_64-centos7/bin/../lib/gcc/../../lib/gcc/x86_64-pc-linux-gnu/8.3.0/include"
ignoring duplicate directory "/opt/lcg/gcc/8.3.0-cebb0/x86_64-centos7/bin/../lib/gcc/../../include"
ignoring duplicate directory "/opt/lcg/gcc/8.3.0-cebb0/x86_64-centos7/bin/../lib/gcc/../../lib/gcc/x86_64-pc-linux-gnu/8.3.0/include-fixed"
ignoring nonexistent directory "/opt/lcg/gcc/8.3.0-cebb0/x86_64-centos7/bin/../lib/gcc/../../lib/gcc/x86_64-pc-linux-gnu/8.3.0/../../../../x86_64-pc-linux-gnu/include"
ignoring nonexistent directory "/blues/gpfs/home/software/spack-0.10.1/opt/spack/linux-centos7-x86_64/intel-17.0.4/intel-mkl-2017.3.196-v7uuj6zmthzln35n2hb7i5u5ybncv5ev/compilers_and_libraries_2017.4.196/linux/mkl/include"
ignoring nonexistent directory "/blues/gpfs/home/software/spack-0.10.1/opt/spack/linux-centos7-x86_64/gcc-4.8.5/intel-17.0.4-74uvhjiulyqgvsmywifbbuo46v5n42xc/tbb/include"
#include "..." search starts here:
#include <...> search starts here:
 /opt/lcg/gcc/8.3.0-cebb0/x86_64-centos7/include
 /opt/lcg/gcc/8.3.0-cebb0/x86_64-centos7/bin/../lib/gcc/x86_64-pc-linux-gnu/8.3.0/include
 /opt/lcg/gcc/8.3.0-cebb0/x86_64-centos7/bin/../lib/gcc/x86_64-pc-linux-gnu/8.3.0/include-fixed
 /usr/local/include
 /usr/include
End of search list.
GNU C17 (GCC) version 8.3.0 (x86_64-pc-linux-gnu)
	compiled by GNU C version 8.3.0, GMP version 6.1.0, MPFR version 3.1.4, MPC version 1.0.3, isl version isl-0.18-GMP

GGC heuristics: --param ggc-min-expand=100 --param ggc-min-heapsize=131072
Compiler executable checksum: b475cb7e86774771f388e9a917a216d2
COLLECT_GCC_OPTIONS='-v' '-o' 'CMakeFiles/cmTC_2cec5.dir/CMakeCCompilerABI.c.o' '-c' '-mtune=generic' '-march=x86-64'
 as -v --64 -o CMakeFiles/cmTC_2cec5.dir/CMakeCCompilerABI.c.o /tmp/cccxBzOc.s
GNU assembler version 2.30 (x86_64-pc-linux-gnu) using BFD version (GNU Binutils) 2.30
COMPILER_PATH=/opt/lcg/gcc/8.3.0-cebb0/x86_64-centos7/bin/../libexec/gcc/x86_64-pc-linux-gnu/8.3.0/:/opt/lcg/gcc/8.3.0-cebb0/x86_64-centos7/bin/../libexec/gcc/:/opt/lcg/gcc/8.3.0-cebb0/x86_64-centos7/
LIBRARY_PATH=/opt/lcg/gcc/8.3.0-cebb0/x86_64-centos7/bin/../lib/gcc/x86_64-pc-linux-gnu/8.3.0/:/opt/lcg/gcc/8.3.0-cebb0/x86_64-centos7/bin/../lib/gcc/:/opt/lcg/gcc/8.3.0-cebb0/x86_64-centos7/bin/../lib/gcc/x86_64-pc-linux-gnu/8.3.0/../../../../lib64/:/lib/../lib64/:/usr/lib/../lib64/:/opt/lcg/gcc/8.3.0-cebb0/x86_64-centos7/bin/../lib/gcc/x86_64-pc-linux-gnu/8.3.0/../../../:/lib/:/usr/lib/
COLLECT_GCC_OPTIONS='-v' '-o' 'CMakeFiles/cmTC_2cec5.dir/CMakeCCompilerABI.c.o' '-c' '-mtune=generic' '-march=x86-64'
Linking C executable cmTC_2cec5
/usr/local/bin/cmake -E cmake_link_script CMakeFiles/cmTC_2cec5.dir/link.txt --verbose=1
/opt/lcg/gcc/8.3.0-cebb0/x86_64-centos7/bin/gcc     -v -rdynamic CMakeFiles/cmTC_2cec5.dir/CMakeCCompilerABI.c.o  -o cmTC_2cec5 
Using built-in specs.
COLLECT_GCC=/opt/lcg/gcc/8.3.0-cebb0/x86_64-centos7/bin/gcc
COLLECT_LTO_WRAPPER=/opt/lcg/gcc/8.3.0-cebb0/x86_64-centos7/bin/../libexec/gcc/x86_64-pc-linux-gnu/8.3.0/lto-wrapper
Target: x86_64-pc-linux-gnu
Configured with: /tmp/dkonst/build/contrib/gcc-8.3.0/src/gcc/8.3.0/configure --prefix=/tmp/dkonst/lcgcmake-install/gcc/8.3.0/x86_64-centos7 -with-system-zlib --disable-multilib --enable-languages=all --with-gnu-ld --with-ld=/tmp/dkonst/lcgcmake-install/binutils/2.30/x86_64-centos7/bin/ld --with-gnu-as --with-as=/tmp/dkonst/lcgcmake-install/binutils/2.30/x86_64-centos7/bin/as
Thread model: posix
gcc version 8.3.0 (GCC) 
COMPILER_PATH=/opt/lcg/gcc/8.3.0-cebb0/x86_64-centos7/bin/../libexec/gcc/x86_64-pc-linux-gnu/8.3.0/:/opt/lcg/gcc/8.3.0-cebb0/x86_64-centos7/bin/../libexec/gcc/:/opt/lcg/gcc/8.3.0-cebb0/x86_64-centos7/
LIBRARY_PATH=/opt/lcg/gcc/8.3.0-cebb0/x86_64-centos7/bin/../lib/gcc/x86_64-pc-linux-gnu/8.3.0/:/opt/lcg/gcc/8.3.0-cebb0/x86_64-centos7/bin/../lib/gcc/:/opt/lcg/gcc/8.3.0-cebb0/x86_64-centos7/bin/../lib/gcc/x86_64-pc-linux-gnu/8.3.0/../../../../lib64/:/lib/../lib64/:/usr/lib/../lib64/:/opt/lcg/gcc/8.3.0-cebb0/x86_64-centos7/bin/../lib/gcc/x86_64-pc-linux-gnu/8.3.0/../../../:/lib/:/usr/lib/
COLLECT_GCC_OPTIONS='-v' '-rdynamic' '-o' 'cmTC_2cec5' '-mtune=generic' '-march=x86-64'
 /opt/lcg/gcc/8.3.0-cebb0/x86_64-centos7/bin/../libexec/gcc/x86_64-pc-linux-gnu/8.3.0/collect2 -plugin /opt/lcg/gcc/8.3.0-cebb0/x86_64-centos7/bin/../libexec/gcc/x86_64-pc-linux-gnu/8.3.0/liblto_plugin.so -plugin-opt=/opt/lcg/gcc/8.3.0-cebb0/x86_64-centos7/bin/../libexec/gcc/x86_64-pc-linux-gnu/8.3.0/lto-wrapper -plugin-opt=-fresolution=/tmp/ccB70rpf.res -plugin-opt=-pass-through=-lgcc -plugin-opt=-pass-through=-lgcc_s -plugin-opt=-pass-through=-lc -plugin-opt=-pass-through=-lgcc -plugin-opt=-pass-through=-lgcc_s --eh-frame-hdr -m elf_x86_64 -export-dynamic -dynamic-linker /lib64/ld-linux-x86-64.so.2 -o cmTC_2cec5 /lib/../lib64/crt1.o /lib/../lib64/crti.o /opt/lcg/gcc/8.3.0-cebb0/x86_64-centos7/bin/../lib/gcc/x86_64-pc-linux-gnu/8.3.0/crtbegin.o -L/opt/lcg/gcc/8.3.0-cebb0/x86_64-centos7/bin/../lib/gcc/x86_64-pc-linux-gnu/8.3.0 -L/opt/lcg/gcc/8.3.0-cebb0/x86_64-centos7/bin/../lib/gcc -L/opt/lcg/gcc/8.3.0-cebb0/x86_64-centos7/bin/../lib/gcc/x86_64-pc-linux-gnu/8.3.0/../../../../lib64 -L/lib/../lib64 -L/usr/lib/../lib64 -L/opt/lcg/gcc/8.3.0-cebb0/x86_64-centos7/bin/../lib/gcc/x86_64-pc-linux-gnu/8.3.0/../../.. CMakeFiles/cmTC_2cec5.dir/CMakeCCompilerABI.c.o -lgcc --as-needed -lgcc_s --no-as-needed -lc -lgcc --as-needed -lgcc_s --no-as-needed /opt/lcg/gcc/8.3.0-cebb0/x86_64-centos7/bin/../lib/gcc/x86_64-pc-linux-gnu/8.3.0/crtend.o /lib/../lib64/crtn.o
COLLECT_GCC_OPTIONS='-v' '-rdynamic' '-o' 'cmTC_2cec5' '-mtune=generic' '-march=x86-64'
gmake[1]: Leaving directory `/gpfs/fs1/home/whopkins/distanceRegression/geantNestedTwistedTrap/build/CMakeFiles/CMakeTmp'


Parsed C implicit include dir info from above output: rv=done
  found start of include info
  found start of implicit include info
    add: [/opt/lcg/gcc/8.3.0-cebb0/x86_64-centos7/include]
    add: [/opt/lcg/gcc/8.3.0-cebb0/x86_64-centos7/bin/../lib/gcc/x86_64-pc-linux-gnu/8.3.0/include]
    add: [/opt/lcg/gcc/8.3.0-cebb0/x86_64-centos7/bin/../lib/gcc/x86_64-pc-linux-gnu/8.3.0/include-fixed]
    add: [/usr/local/include]
    add: [/usr/include]
  end of search list found
  collapse include dir [/opt/lcg/gcc/8.3.0-cebb0/x86_64-centos7/include] ==> [/opt/lcg/gcc/8.3.0-cebb0/x86_64-centos7/include]
  collapse include dir [/opt/lcg/gcc/8.3.0-cebb0/x86_64-centos7/bin/../lib/gcc/x86_64-pc-linux-gnu/8.3.0/include] ==> [/opt/lcg/gcc/8.3.0-cebb0/x86_64-centos7/lib/gcc/x86_64-pc-linux-gnu/8.3.0/include]
  collapse include dir [/opt/lcg/gcc/8.3.0-cebb0/x86_64-centos7/bin/../lib/gcc/x86_64-pc-linux-gnu/8.3.0/include-fixed] ==> [/opt/lcg/gcc/8.3.0-cebb0/x86_64-centos7/lib/gcc/x86_64-pc-linux-gnu/8.3.0/include-fixed]
  collapse include dir [/usr/local/include] ==> [/usr/local/include]
  collapse include dir [/usr/include] ==> [/usr/include]
  implicit include dirs: [/opt/lcg/gcc/8.3.0-cebb0/x86_64-centos7/include;/opt/lcg/gcc/8.3.0-cebb0/x86_64-centos7/lib/gcc/x86_64-pc-linux-gnu/8.3.0/include;/opt/lcg/gcc/8.3.0-cebb0/x86_64-centos7/lib/gcc/x86_64-pc-linux-gnu/8.3.0/include-fixed;/usr/local/include;/usr/include]


Parsed C implicit link information from above output:
  link line regex: [^( *|.*[/\])(ld|CMAKE_LINK_STARTFILE-NOTFOUND|([^/\]+-)?ld|collect2)[^/\]*( |$)]
  ignore line: [Change Dir: /gpfs/fs1/home/whopkins/distanceRegression/geantNestedTwistedTrap/build/CMakeFiles/CMakeTmp]
  ignore line: []
  ignore line: [Run Build Command(s):/usr/bin/gmake cmTC_2cec5/fast ]
  ignore line: [/usr/bin/gmake -f CMakeFiles/cmTC_2cec5.dir/build.make CMakeFiles/cmTC_2cec5.dir/build]
  ignore line: [gmake[1]: Entering directory `/gpfs/fs1/home/whopkins/distanceRegression/geantNestedTwistedTrap/build/CMakeFiles/CMakeTmp']
  ignore line: [Building C object CMakeFiles/cmTC_2cec5.dir/CMakeCCompilerABI.c.o]
  ignore line: [/opt/lcg/gcc/8.3.0-cebb0/x86_64-centos7/bin/gcc   -v -o CMakeFiles/cmTC_2cec5.dir/CMakeCCompilerABI.c.o   -c /usr/local/share/cmake-3.14/Modules/CMakeCCompilerABI.c]
  ignore line: [Using built-in specs.]
  ignore line: [COLLECT_GCC=/opt/lcg/gcc/8.3.0-cebb0/x86_64-centos7/bin/gcc]
  ignore line: [Target: x86_64-pc-linux-gnu]
  ignore line: [Configured with: /tmp/dkonst/build/contrib/gcc-8.3.0/src/gcc/8.3.0/configure --prefix=/tmp/dkonst/lcgcmake-install/gcc/8.3.0/x86_64-centos7 -with-system-zlib --disable-multilib --enable-languages=all --with-gnu-ld --with-ld=/tmp/dkonst/lcgcmake-install/binutils/2.30/x86_64-centos7/bin/ld --with-gnu-as --with-as=/tmp/dkonst/lcgcmake-install/binutils/2.30/x86_64-centos7/bin/as]
  ignore line: [Thread model: posix]
  ignore line: [gcc version 8.3.0 (GCC) ]
  ignore line: [COLLECT_GCC_OPTIONS='-v' '-o' 'CMakeFiles/cmTC_2cec5.dir/CMakeCCompilerABI.c.o' '-c' '-mtune=generic' '-march=x86-64']
  ignore line: [ /opt/lcg/gcc/8.3.0-cebb0/x86_64-centos7/bin/../libexec/gcc/x86_64-pc-linux-gnu/8.3.0/cc1 -quiet -v -iprefix /opt/lcg/gcc/8.3.0-cebb0/x86_64-centos7/bin/../lib/gcc/x86_64-pc-linux-gnu/8.3.0/ -isystem /opt/lcg/gcc/8.3.0-cebb0/x86_64-centos7/include /usr/local/share/cmake-3.14/Modules/CMakeCCompilerABI.c -quiet -dumpbase CMakeCCompilerABI.c -mtune=generic -march=x86-64 -auxbase-strip CMakeFiles/cmTC_2cec5.dir/CMakeCCompilerABI.c.o -version -o /tmp/cccxBzOc.s]
  ignore line: [GNU C17 (GCC) version 8.3.0 (x86_64-pc-linux-gnu)]
  ignore line: [	compiled by GNU C version 8.3.0, GMP version 6.1.0, MPFR version 3.1.4, MPC version 1.0.3, isl version isl-0.18-GMP]
  ignore line: []
  ignore line: [GGC heuristics: --param ggc-min-expand=100 --param ggc-min-heapsize=131072]
  ignore line: [ignoring nonexistent directory "/opt/lcg/gcc/8.3.0-cebb0/x86_64-centos7/bin/../lib/gcc/x86_64-pc-linux-gnu/8.3.0/../../../../x86_64-pc-linux-gnu/include"]
  ignore line: [ignoring duplicate directory "/opt/lcg/gcc/8.3.0-cebb0/x86_64-centos7/bin/../lib/gcc/../../lib/gcc/x86_64-pc-linux-gnu/8.3.0/include"]
  ignore line: [ignoring duplicate directory "/opt/lcg/gcc/8.3.0-cebb0/x86_64-centos7/bin/../lib/gcc/../../include"]
  ignore line: [ignoring duplicate directory "/opt/lcg/gcc/8.3.0-cebb0/x86_64-centos7/bin/../lib/gcc/../../lib/gcc/x86_64-pc-linux-gnu/8.3.0/include-fixed"]
  ignore line: [ignoring nonexistent directory "/opt/lcg/gcc/8.3.0-cebb0/x86_64-centos7/bin/../lib/gcc/../../lib/gcc/x86_64-pc-linux-gnu/8.3.0/../../../../x86_64-pc-linux-gnu/include"]
  ignore line: [ignoring nonexistent directory "/blues/gpfs/home/software/spack-0.10.1/opt/spack/linux-centos7-x86_64/intel-17.0.4/intel-mkl-2017.3.196-v7uuj6zmthzln35n2hb7i5u5ybncv5ev/compilers_and_libraries_2017.4.196/linux/mkl/include"]
  ignore line: [ignoring nonexistent directory "/blues/gpfs/home/software/spack-0.10.1/opt/spack/linux-centos7-x86_64/gcc-4.8.5/intel-17.0.4-74uvhjiulyqgvsmywifbbuo46v5n42xc/tbb/include"]
  ignore line: [#include "..." search starts here:]
  ignore line: [#include <...> search starts here:]
  ignore line: [ /opt/lcg/gcc/8.3.0-cebb0/x86_64-centos7/include]
  ignore line: [ /opt/lcg/gcc/8.3.0-cebb0/x86_64-centos7/bin/../lib/gcc/x86_64-pc-linux-gnu/8.3.0/include]
  ignore line: [ /opt/lcg/gcc/8.3.0-cebb0/x86_64-centos7/bin/../lib/gcc/x86_64-pc-linux-gnu/8.3.0/include-fixed]
  ignore line: [ /usr/local/include]
  ignore line: [ /usr/include]
  ignore line: [End of search list.]
  ignore line: [GNU C17 (GCC) version 8.3.0 (x86_64-pc-linux-gnu)]
  ignore line: [	compiled by GNU C version 8.3.0, GMP version 6.1.0, MPFR version 3.1.4, MPC version 1.0.3, isl version isl-0.18-GMP]
  ignore line: []
  ignore line: [GGC heuristics: --param ggc-min-expand=100 --param ggc-min-heapsize=131072]
  ignore line: [Compiler executable checksum: b475cb7e86774771f388e9a917a216d2]
  ignore line: [COLLECT_GCC_OPTIONS='-v' '-o' 'CMakeFiles/cmTC_2cec5.dir/CMakeCCompilerABI.c.o' '-c' '-mtune=generic' '-march=x86-64']
  ignore line: [ as -v --64 -o CMakeFiles/cmTC_2cec5.dir/CMakeCCompilerABI.c.o /tmp/cccxBzOc.s]
  ignore line: [GNU assembler version 2.30 (x86_64-pc-linux-gnu) using BFD version (GNU Binutils) 2.30]
  ignore line: [COMPILER_PATH=/opt/lcg/gcc/8.3.0-cebb0/x86_64-centos7/bin/../libexec/gcc/x86_64-pc-linux-gnu/8.3.0/:/opt/lcg/gcc/8.3.0-cebb0/x86_64-centos7/bin/../libexec/gcc/:/opt/lcg/gcc/8.3.0-cebb0/x86_64-centos7/]
  ignore line: [LIBRARY_PATH=/opt/lcg/gcc/8.3.0-cebb0/x86_64-centos7/bin/../lib/gcc/x86_64-pc-linux-gnu/8.3.0/:/opt/lcg/gcc/8.3.0-cebb0/x86_64-centos7/bin/../lib/gcc/:/opt/lcg/gcc/8.3.0-cebb0/x86_64-centos7/bin/../lib/gcc/x86_64-pc-linux-gnu/8.3.0/../../../../lib64/:/lib/../lib64/:/usr/lib/../lib64/:/opt/lcg/gcc/8.3.0-cebb0/x86_64-centos7/bin/../lib/gcc/x86_64-pc-linux-gnu/8.3.0/../../../:/lib/:/usr/lib/]
  ignore line: [COLLECT_GCC_OPTIONS='-v' '-o' 'CMakeFiles/cmTC_2cec5.dir/CMakeCCompilerABI.c.o' '-c' '-mtune=generic' '-march=x86-64']
  ignore line: [Linking C executable cmTC_2cec5]
  ignore line: [/usr/local/bin/cmake -E cmake_link_script CMakeFiles/cmTC_2cec5.dir/link.txt --verbose=1]
  ignore line: [/opt/lcg/gcc/8.3.0-cebb0/x86_64-centos7/bin/gcc     -v -rdynamic CMakeFiles/cmTC_2cec5.dir/CMakeCCompilerABI.c.o  -o cmTC_2cec5 ]
  ignore line: [Using built-in specs.]
  ignore line: [COLLECT_GCC=/opt/lcg/gcc/8.3.0-cebb0/x86_64-centos7/bin/gcc]
  ignore line: [COLLECT_LTO_WRAPPER=/opt/lcg/gcc/8.3.0-cebb0/x86_64-centos7/bin/../libexec/gcc/x86_64-pc-linux-gnu/8.3.0/lto-wrapper]
  ignore line: [Target: x86_64-pc-linux-gnu]
  ignore line: [Configured with: /tmp/dkonst/build/contrib/gcc-8.3.0/src/gcc/8.3.0/configure --prefix=/tmp/dkonst/lcgcmake-install/gcc/8.3.0/x86_64-centos7 -with-system-zlib --disable-multilib --enable-languages=all --with-gnu-ld --with-ld=/tmp/dkonst/lcgcmake-install/binutils/2.30/x86_64-centos7/bin/ld --with-gnu-as --with-as=/tmp/dkonst/lcgcmake-install/binutils/2.30/x86_64-centos7/bin/as]
  ignore line: [Thread model: posix]
  ignore line: [gcc version 8.3.0 (GCC) ]
  ignore line: [COMPILER_PATH=/opt/lcg/gcc/8.3.0-cebb0/x86_64-centos7/bin/../libexec/gcc/x86_64-pc-linux-gnu/8.3.0/:/opt/lcg/gcc/8.3.0-cebb0/x86_64-centos7/bin/../libexec/gcc/:/opt/lcg/gcc/8.3.0-cebb0/x86_64-centos7/]
  ignore line: [LIBRARY_PATH=/opt/lcg/gcc/8.3.0-cebb0/x86_64-centos7/bin/../lib/gcc/x86_64-pc-linux-gnu/8.3.0/:/opt/lcg/gcc/8.3.0-cebb0/x86_64-centos7/bin/../lib/gcc/:/opt/lcg/gcc/8.3.0-cebb0/x86_64-centos7/bin/../lib/gcc/x86_64-pc-linux-gnu/8.3.0/../../../../lib64/:/lib/../lib64/:/usr/lib/../lib64/:/opt/lcg/gcc/8.3.0-cebb0/x86_64-centos7/bin/../lib/gcc/x86_64-pc-linux-gnu/8.3.0/../../../:/lib/:/usr/lib/]
  ignore line: [COLLECT_GCC_OPTIONS='-v' '-rdynamic' '-o' 'cmTC_2cec5' '-mtune=generic' '-march=x86-64']
  link line: [ /opt/lcg/gcc/8.3.0-cebb0/x86_64-centos7/bin/../libexec/gcc/x86_64-pc-linux-gnu/8.3.0/collect2 -plugin /opt/lcg/gcc/8.3.0-cebb0/x86_64-centos7/bin/../libexec/gcc/x86_64-pc-linux-gnu/8.3.0/liblto_plugin.so -plugin-opt=/opt/lcg/gcc/8.3.0-cebb0/x86_64-centos7/bin/../libexec/gcc/x86_64-pc-linux-gnu/8.3.0/lto-wrapper -plugin-opt=-fresolution=/tmp/ccB70rpf.res -plugin-opt=-pass-through=-lgcc -plugin-opt=-pass-through=-lgcc_s -plugin-opt=-pass-through=-lc -plugin-opt=-pass-through=-lgcc -plugin-opt=-pass-through=-lgcc_s --eh-frame-hdr -m elf_x86_64 -export-dynamic -dynamic-linker /lib64/ld-linux-x86-64.so.2 -o cmTC_2cec5 /lib/../lib64/crt1.o /lib/../lib64/crti.o /opt/lcg/gcc/8.3.0-cebb0/x86_64-centos7/bin/../lib/gcc/x86_64-pc-linux-gnu/8.3.0/crtbegin.o -L/opt/lcg/gcc/8.3.0-cebb0/x86_64-centos7/bin/../lib/gcc/x86_64-pc-linux-gnu/8.3.0 -L/opt/lcg/gcc/8.3.0-cebb0/x86_64-centos7/bin/../lib/gcc -L/opt/lcg/gcc/8.3.0-cebb0/x86_64-centos7/bin/../lib/gcc/x86_64-pc-linux-gnu/8.3.0/../../../../lib64 -L/lib/../lib64 -L/usr/lib/../lib64 -L/opt/lcg/gcc/8.3.0-cebb0/x86_64-centos7/bin/../lib/gcc/x86_64-pc-linux-gnu/8.3.0/../../.. CMakeFiles/cmTC_2cec5.dir/CMakeCCompilerABI.c.o -lgcc --as-needed -lgcc_s --no-as-needed -lc -lgcc --as-needed -lgcc_s --no-as-needed /opt/lcg/gcc/8.3.0-cebb0/x86_64-centos7/bin/../lib/gcc/x86_64-pc-linux-gnu/8.3.0/crtend.o /lib/../lib64/crtn.o]
    arg [/opt/lcg/gcc/8.3.0-cebb0/x86_64-centos7/bin/../libexec/gcc/x86_64-pc-linux-gnu/8.3.0/collect2] ==> ignore
    arg [-plugin] ==> ignore
    arg [/opt/lcg/gcc/8.3.0-cebb0/x86_64-centos7/bin/../libexec/gcc/x86_64-pc-linux-gnu/8.3.0/liblto_plugin.so] ==> ignore
    arg [-plugin-opt=/opt/lcg/gcc/8.3.0-cebb0/x86_64-centos7/bin/../libexec/gcc/x86_64-pc-linux-gnu/8.3.0/lto-wrapper] ==> ignore
    arg [-plugin-opt=-fresolution=/tmp/ccB70rpf.res] ==> ignore
    arg [-plugin-opt=-pass-through=-lgcc] ==> ignore
    arg [-plugin-opt=-pass-through=-lgcc_s] ==> ignore
    arg [-plugin-opt=-pass-through=-lc] ==> ignore
    arg [-plugin-opt=-pass-through=-lgcc] ==> ignore
    arg [-plugin-opt=-pass-through=-lgcc_s] ==> ignore
    arg [--eh-frame-hdr] ==> ignore
    arg [-m] ==> ignore
    arg [elf_x86_64] ==> ignore
    arg [-export-dynamic] ==> ignore
    arg [-dynamic-linker] ==> ignore
    arg [/lib64/ld-linux-x86-64.so.2] ==> ignore
    arg [-o] ==> ignore
    arg [cmTC_2cec5] ==> ignore
    arg [/lib/../lib64/crt1.o] ==> ignore
    arg [/lib/../lib64/crti.o] ==> ignore
    arg [/opt/lcg/gcc/8.3.0-cebb0/x86_64-centos7/bin/../lib/gcc/x86_64-pc-linux-gnu/8.3.0/crtbegin.o] ==> ignore
    arg [-L/opt/lcg/gcc/8.3.0-cebb0/x86_64-centos7/bin/../lib/gcc/x86_64-pc-linux-gnu/8.3.0] ==> dir [/opt/lcg/gcc/8.3.0-cebb0/x86_64-centos7/bin/../lib/gcc/x86_64-pc-linux-gnu/8.3.0]
    arg [-L/opt/lcg/gcc/8.3.0-cebb0/x86_64-centos7/bin/../lib/gcc] ==> dir [/opt/lcg/gcc/8.3.0-cebb0/x86_64-centos7/bin/../lib/gcc]
    arg [-L/opt/lcg/gcc/8.3.0-cebb0/x86_64-centos7/bin/../lib/gcc/x86_64-pc-linux-gnu/8.3.0/../../../../lib64] ==> dir [/opt/lcg/gcc/8.3.0-cebb0/x86_64-centos7/bin/../lib/gcc/x86_64-pc-linux-gnu/8.3.0/../../../../lib64]
    arg [-L/lib/../lib64] ==> dir [/lib/../lib64]
    arg [-L/usr/lib/../lib64] ==> dir [/usr/lib/../lib64]
    arg [-L/opt/lcg/gcc/8.3.0-cebb0/x86_64-centos7/bin/../lib/gcc/x86_64-pc-linux-gnu/8.3.0/../../..] ==> dir [/opt/lcg/gcc/8.3.0-cebb0/x86_64-centos7/bin/../lib/gcc/x86_64-pc-linux-gnu/8.3.0/../../..]
    arg [CMakeFiles/cmTC_2cec5.dir/CMakeCCompilerABI.c.o] ==> ignore
    arg [-lgcc] ==> lib [gcc]
    arg [--as-needed] ==> ignore
    arg [-lgcc_s] ==> lib [gcc_s]
    arg [--no-as-needed] ==> ignore
    arg [-lc] ==> lib [c]
    arg [-lgcc] ==> lib [gcc]
    arg [--as-needed] ==> ignore
    arg [-lgcc_s] ==> lib [gcc_s]
    arg [--no-as-needed] ==> ignore
    arg [/opt/lcg/gcc/8.3.0-cebb0/x86_64-centos7/bin/../lib/gcc/x86_64-pc-linux-gnu/8.3.0/crtend.o] ==> ignore
    arg [/lib/../lib64/crtn.o] ==> ignore
  collapse library dir [/opt/lcg/gcc/8.3.0-cebb0/x86_64-centos7/bin/../lib/gcc/x86_64-pc-linux-gnu/8.3.0] ==> [/opt/lcg/gcc/8.3.0-cebb0/x86_64-centos7/lib/gcc/x86_64-pc-linux-gnu/8.3.0]
  collapse library dir [/opt/lcg/gcc/8.3.0-cebb0/x86_64-centos7/bin/../lib/gcc] ==> [/opt/lcg/gcc/8.3.0-cebb0/x86_64-centos7/lib/gcc]
  collapse library dir [/opt/lcg/gcc/8.3.0-cebb0/x86_64-centos7/bin/../lib/gcc/x86_64-pc-linux-gnu/8.3.0/../../../../lib64] ==> [/opt/lcg/gcc/8.3.0-cebb0/x86_64-centos7/lib64]
  collapse library dir [/lib/../lib64] ==> [/lib64]
  collapse library dir [/usr/lib/../lib64] ==> [/usr/lib64]
  collapse library dir [/opt/lcg/gcc/8.3.0-cebb0/x86_64-centos7/bin/../lib/gcc/x86_64-pc-linux-gnu/8.3.0/../../..] ==> [/opt/lcg/gcc/8.3.0-cebb0/x86_64-centos7/lib]
  implicit libs: [gcc;gcc_s;c;gcc;gcc_s]
  implicit dirs: [/opt/lcg/gcc/8.3.0-cebb0/x86_64-centos7/lib/gcc/x86_64-pc-linux-gnu/8.3.0;/opt/lcg/gcc/8.3.0-cebb0/x86_64-centos7/lib/gcc;/opt/lcg/gcc/8.3.0-cebb0/x86_64-centos7/lib64;/lib64;/usr/lib64;/opt/lcg/gcc/8.3.0-cebb0/x86_64-centos7/lib]
  implicit fwks: []




Detecting C [-std=c11] compiler features compiled with the following output:
Change Dir: /gpfs/fs1/home/whopkins/distanceRegression/geantNestedTwistedTrap/build/CMakeFiles/CMakeTmp

Run Build Command(s):/usr/bin/gmake cmTC_d1a9b/fast 
/usr/bin/gmake -f CMakeFiles/cmTC_d1a9b.dir/build.make CMakeFiles/cmTC_d1a9b.dir/build
gmake[1]: Entering directory `/gpfs/fs1/home/whopkins/distanceRegression/geantNestedTwistedTrap/build/CMakeFiles/CMakeTmp'
Building C object CMakeFiles/cmTC_d1a9b.dir/feature_tests.c.o
/opt/lcg/gcc/8.3.0-cebb0/x86_64-centos7/bin/gcc   -std=c11 -o CMakeFiles/cmTC_d1a9b.dir/feature_tests.c.o   -c /gpfs/fs1/home/whopkins/distanceRegression/geantNestedTwistedTrap/build/CMakeFiles/feature_tests.c
Linking C executable cmTC_d1a9b
/usr/local/bin/cmake -E cmake_link_script CMakeFiles/cmTC_d1a9b.dir/link.txt --verbose=1
/opt/lcg/gcc/8.3.0-cebb0/x86_64-centos7/bin/gcc      -rdynamic CMakeFiles/cmTC_d1a9b.dir/feature_tests.c.o  -o cmTC_d1a9b 
gmake[1]: Leaving directory `/gpfs/fs1/home/whopkins/distanceRegression/geantNestedTwistedTrap/build/CMakeFiles/CMakeTmp'


    Feature record: C_FEATURE:1c_function_prototypes
    Feature record: C_FEATURE:1c_restrict
    Feature record: C_FEATURE:1c_static_assert
    Feature record: C_FEATURE:1c_variadic_macros


Detecting C [-std=c99] compiler features compiled with the following output:
Change Dir: /gpfs/fs1/home/whopkins/distanceRegression/geantNestedTwistedTrap/build/CMakeFiles/CMakeTmp

Run Build Command(s):/usr/bin/gmake cmTC_e00e5/fast 
/usr/bin/gmake -f CMakeFiles/cmTC_e00e5.dir/build.make CMakeFiles/cmTC_e00e5.dir/build
gmake[1]: Entering directory `/gpfs/fs1/home/whopkins/distanceRegression/geantNestedTwistedTrap/build/CMakeFiles/CMakeTmp'
Building C object CMakeFiles/cmTC_e00e5.dir/feature_tests.c.o
/opt/lcg/gcc/8.3.0-cebb0/x86_64-centos7/bin/gcc   -std=c99 -o CMakeFiles/cmTC_e00e5.dir/feature_tests.c.o   -c /gpfs/fs1/home/whopkins/distanceRegression/geantNestedTwistedTrap/build/CMakeFiles/feature_tests.c
Linking C executable cmTC_e00e5
/usr/local/bin/cmake -E cmake_link_script CMakeFiles/cmTC_e00e5.dir/link.txt --verbose=1
/opt/lcg/gcc/8.3.0-cebb0/x86_64-centos7/bin/gcc      -rdynamic CMakeFiles/cmTC_e00e5.dir/feature_tests.c.o  -o cmTC_e00e5 
gmake[1]: Leaving directory `/gpfs/fs1/home/whopkins/distanceRegression/geantNestedTwistedTrap/build/CMakeFiles/CMakeTmp'


    Feature record: C_FEATURE:1c_function_prototypes
    Feature record: C_FEATURE:1c_restrict
    Feature record: C_FEATURE:0c_static_assert
    Feature record: C_FEATURE:1c_variadic_macros


Detecting C [-std=c90] compiler features compiled with the following output:
Change Dir: /gpfs/fs1/home/whopkins/distanceRegression/geantNestedTwistedTrap/build/CMakeFiles/CMakeTmp

Run Build Command(s):/usr/bin/gmake cmTC_9cde6/fast 
/usr/bin/gmake -f CMakeFiles/cmTC_9cde6.dir/build.make CMakeFiles/cmTC_9cde6.dir/build
gmake[1]: Entering directory `/gpfs/fs1/home/whopkins/distanceRegression/geantNestedTwistedTrap/build/CMakeFiles/CMakeTmp'
Building C object CMakeFiles/cmTC_9cde6.dir/feature_tests.c.o
/opt/lcg/gcc/8.3.0-cebb0/x86_64-centos7/bin/gcc   -std=c90 -o CMakeFiles/cmTC_9cde6.dir/feature_tests.c.o   -c /gpfs/fs1/home/whopkins/distanceRegression/geantNestedTwistedTrap/build/CMakeFiles/feature_tests.c
Linking C executable cmTC_9cde6
/usr/local/bin/cmake -E cmake_link_script CMakeFiles/cmTC_9cde6.dir/link.txt --verbose=1
/opt/lcg/gcc/8.3.0-cebb0/x86_64-centos7/bin/gcc      -rdynamic CMakeFiles/cmTC_9cde6.dir/feature_tests.c.o  -o cmTC_9cde6 
gmake[1]: Leaving directory `/gpfs/fs1/home/whopkins/distanceRegression/geantNestedTwistedTrap/build/CMakeFiles/CMakeTmp'


    Feature record: C_FEATURE:1c_function_prototypes
    Feature record: C_FEATURE:0c_restrict
    Feature record: C_FEATURE:0c_static_assert
    Feature record: C_FEATURE:0c_variadic_macros
Determining if the CXX compiler works passed with the following output:
Change Dir: /gpfs/fs1/home/whopkins/distanceRegression/geantNestedTwistedTrap/build/CMakeFiles/CMakeTmp

Run Build Command(s):/usr/bin/gmake cmTC_00773/fast 
/usr/bin/gmake -f CMakeFiles/cmTC_00773.dir/build.make CMakeFiles/cmTC_00773.dir/build
gmake[1]: Entering directory `/gpfs/fs1/home/whopkins/distanceRegression/geantNestedTwistedTrap/build/CMakeFiles/CMakeTmp'
Building CXX object CMakeFiles/cmTC_00773.dir/testCXXCompiler.cxx.o
/opt/lcg/gcc/8.3.0-cebb0/x86_64-centos7/bin/g++     -o CMakeFiles/cmTC_00773.dir/testCXXCompiler.cxx.o -c /gpfs/fs1/home/whopkins/distanceRegression/geantNestedTwistedTrap/build/CMakeFiles/CMakeTmp/testCXXCompiler.cxx
Linking CXX executable cmTC_00773
/usr/local/bin/cmake -E cmake_link_script CMakeFiles/cmTC_00773.dir/link.txt --verbose=1
/opt/lcg/gcc/8.3.0-cebb0/x86_64-centos7/bin/g++       -rdynamic CMakeFiles/cmTC_00773.dir/testCXXCompiler.cxx.o  -o cmTC_00773 
gmake[1]: Leaving directory `/gpfs/fs1/home/whopkins/distanceRegression/geantNestedTwistedTrap/build/CMakeFiles/CMakeTmp'


Detecting CXX compiler ABI info compiled with the following output:
Change Dir: /gpfs/fs1/home/whopkins/distanceRegression/geantNestedTwistedTrap/build/CMakeFiles/CMakeTmp

Run Build Command(s):/usr/bin/gmake cmTC_a88d4/fast 
/usr/bin/gmake -f CMakeFiles/cmTC_a88d4.dir/build.make CMakeFiles/cmTC_a88d4.dir/build
gmake[1]: Entering directory `/gpfs/fs1/home/whopkins/distanceRegression/geantNestedTwistedTrap/build/CMakeFiles/CMakeTmp'
Building CXX object CMakeFiles/cmTC_a88d4.dir/CMakeCXXCompilerABI.cpp.o
/opt/lcg/gcc/8.3.0-cebb0/x86_64-centos7/bin/g++    -v -o CMakeFiles/cmTC_a88d4.dir/CMakeCXXCompilerABI.cpp.o -c /usr/local/share/cmake-3.14/Modules/CMakeCXXCompilerABI.cpp
Using built-in specs.
COLLECT_GCC=/opt/lcg/gcc/8.3.0-cebb0/x86_64-centos7/bin/g++
Target: x86_64-pc-linux-gnu
Configured with: /tmp/dkonst/build/contrib/gcc-8.3.0/src/gcc/8.3.0/configure --prefix=/tmp/dkonst/lcgcmake-install/gcc/8.3.0/x86_64-centos7 -with-system-zlib --disable-multilib --enable-languages=all --with-gnu-ld --with-ld=/tmp/dkonst/lcgcmake-install/binutils/2.30/x86_64-centos7/bin/ld --with-gnu-as --with-as=/tmp/dkonst/lcgcmake-install/binutils/2.30/x86_64-centos7/bin/as
Thread model: posix
gcc version 8.3.0 (GCC) 
COLLECT_GCC_OPTIONS='-v' '-o' 'CMakeFiles/cmTC_a88d4.dir/CMakeCXXCompilerABI.cpp.o' '-c' '-shared-libgcc' '-mtune=generic' '-march=x86-64'
 /opt/lcg/gcc/8.3.0-cebb0/x86_64-centos7/bin/../libexec/gcc/x86_64-pc-linux-gnu/8.3.0/cc1plus -quiet -v -iprefix /opt/lcg/gcc/8.3.0-cebb0/x86_64-centos7/bin/../lib/gcc/x86_64-pc-linux-gnu/8.3.0/ -isystem /opt/lcg/gcc/8.3.0-cebb0/x86_64-centos7/include -D_GNU_SOURCE /usr/local/share/cmake-3.14/Modules/CMakeCXXCompilerABI.cpp -quiet -dumpbase CMakeCXXCompilerABI.cpp -mtune=generic -march=x86-64 -auxbase-strip CMakeFiles/cmTC_a88d4.dir/CMakeCXXCompilerABI.cpp.o -version -o /tmp/ccHKm9UA.s
GNU C++14 (GCC) version 8.3.0 (x86_64-pc-linux-gnu)
	compiled by GNU C version 8.3.0, GMP version 6.1.0, MPFR version 3.1.4, MPC version 1.0.3, isl version isl-0.18-GMP

GGC heuristics: --param ggc-min-expand=100 --param ggc-min-heapsize=131072
ignoring nonexistent directory "/opt/lcg/gcc/8.3.0-cebb0/x86_64-centos7/bin/../lib/gcc/x86_64-pc-linux-gnu/8.3.0/../../../../x86_64-pc-linux-gnu/include"
ignoring duplicate directory "/opt/lcg/gcc/8.3.0-cebb0/x86_64-centos7/bin/../lib/gcc/../../lib/gcc/x86_64-pc-linux-gnu/8.3.0/../../../../include/c++/8.3.0"
ignoring duplicate directory "/opt/lcg/gcc/8.3.0-cebb0/x86_64-centos7/bin/../lib/gcc/../../lib/gcc/x86_64-pc-linux-gnu/8.3.0/../../../../include/c++/8.3.0/x86_64-pc-linux-gnu"
ignoring duplicate directory "/opt/lcg/gcc/8.3.0-cebb0/x86_64-centos7/bin/../lib/gcc/../../lib/gcc/x86_64-pc-linux-gnu/8.3.0/../../../../include/c++/8.3.0/backward"
ignoring duplicate directory "/opt/lcg/gcc/8.3.0-cebb0/x86_64-centos7/bin/../lib/gcc/../../lib/gcc/x86_64-pc-linux-gnu/8.3.0/include"
ignoring duplicate directory "/opt/lcg/gcc/8.3.0-cebb0/x86_64-centos7/bin/../lib/gcc/../../include"
ignoring duplicate directory "/opt/lcg/gcc/8.3.0-cebb0/x86_64-centos7/bin/../lib/gcc/../../lib/gcc/x86_64-pc-linux-gnu/8.3.0/include-fixed"
ignoring nonexistent directory "/opt/lcg/gcc/8.3.0-cebb0/x86_64-centos7/bin/../lib/gcc/../../lib/gcc/x86_64-pc-linux-gnu/8.3.0/../../../../x86_64-pc-linux-gnu/include"
ignoring nonexistent directory "/blues/gpfs/home/software/spack-0.10.1/opt/spack/linux-centos7-x86_64/intel-17.0.4/intel-mkl-2017.3.196-v7uuj6zmthzln35n2hb7i5u5ybncv5ev/compilers_and_libraries_2017.4.196/linux/mkl/include"
ignoring nonexistent directory "/blues/gpfs/home/software/spack-0.10.1/opt/spack/linux-centos7-x86_64/gcc-4.8.5/intel-17.0.4-74uvhjiulyqgvsmywifbbuo46v5n42xc/tbb/include"
#include "..." search starts here:
#include <...> search starts here:
 /opt/lcg/gcc/8.3.0-cebb0/x86_64-centos7/include
 /opt/lcg/gcc/8.3.0-cebb0/x86_64-centos7/bin/../lib/gcc/x86_64-pc-linux-gnu/8.3.0/../../../../include/c++/8.3.0
 /opt/lcg/gcc/8.3.0-cebb0/x86_64-centos7/bin/../lib/gcc/x86_64-pc-linux-gnu/8.3.0/../../../../include/c++/8.3.0/x86_64-pc-linux-gnu
 /opt/lcg/gcc/8.3.0-cebb0/x86_64-centos7/bin/../lib/gcc/x86_64-pc-linux-gnu/8.3.0/../../../../include/c++/8.3.0/backward
 /opt/lcg/gcc/8.3.0-cebb0/x86_64-centos7/bin/../lib/gcc/x86_64-pc-linux-gnu/8.3.0/include
 /opt/lcg/gcc/8.3.0-cebb0/x86_64-centos7/bin/../lib/gcc/x86_64-pc-linux-gnu/8.3.0/include-fixed
 /usr/local/include
 /usr/include
End of search list.
GNU C++14 (GCC) version 8.3.0 (x86_64-pc-linux-gnu)
	compiled by GNU C version 8.3.0, GMP version 6.1.0, MPFR version 3.1.4, MPC version 1.0.3, isl version isl-0.18-GMP

GGC heuristics: --param ggc-min-expand=100 --param ggc-min-heapsize=131072
Compiler executable checksum: 10e38d869c22b3e45b98f3c2f1cb2073
COLLECT_GCC_OPTIONS='-v' '-o' 'CMakeFiles/cmTC_a88d4.dir/CMakeCXXCompilerABI.cpp.o' '-c' '-shared-libgcc' '-mtune=generic' '-march=x86-64'
 as -v --64 -o CMakeFiles/cmTC_a88d4.dir/CMakeCXXCompilerABI.cpp.o /tmp/ccHKm9UA.s
GNU assembler version 2.30 (x86_64-pc-linux-gnu) using BFD version (GNU Binutils) 2.30
COMPILER_PATH=/opt/lcg/gcc/8.3.0-cebb0/x86_64-centos7/bin/../libexec/gcc/x86_64-pc-linux-gnu/8.3.0/:/opt/lcg/gcc/8.3.0-cebb0/x86_64-centos7/bin/../libexec/gcc/:/opt/lcg/gcc/8.3.0-cebb0/x86_64-centos7/
LIBRARY_PATH=/opt/lcg/gcc/8.3.0-cebb0/x86_64-centos7/bin/../lib/gcc/x86_64-pc-linux-gnu/8.3.0/:/opt/lcg/gcc/8.3.0-cebb0/x86_64-centos7/bin/../lib/gcc/:/opt/lcg/gcc/8.3.0-cebb0/x86_64-centos7/bin/../lib/gcc/x86_64-pc-linux-gnu/8.3.0/../../../../lib64/:/lib/../lib64/:/usr/lib/../lib64/:/opt/lcg/gcc/8.3.0-cebb0/x86_64-centos7/bin/../lib/gcc/x86_64-pc-linux-gnu/8.3.0/../../../:/lib/:/usr/lib/
COLLECT_GCC_OPTIONS='-v' '-o' 'CMakeFiles/cmTC_a88d4.dir/CMakeCXXCompilerABI.cpp.o' '-c' '-shared-libgcc' '-mtune=generic' '-march=x86-64'
Linking CXX executable cmTC_a88d4
/usr/local/bin/cmake -E cmake_link_script CMakeFiles/cmTC_a88d4.dir/link.txt --verbose=1
/opt/lcg/gcc/8.3.0-cebb0/x86_64-centos7/bin/g++      -v -rdynamic CMakeFiles/cmTC_a88d4.dir/CMakeCXXCompilerABI.cpp.o  -o cmTC_a88d4 
Using built-in specs.
COLLECT_GCC=/opt/lcg/gcc/8.3.0-cebb0/x86_64-centos7/bin/g++
COLLECT_LTO_WRAPPER=/opt/lcg/gcc/8.3.0-cebb0/x86_64-centos7/bin/../libexec/gcc/x86_64-pc-linux-gnu/8.3.0/lto-wrapper
Target: x86_64-pc-linux-gnu
Configured with: /tmp/dkonst/build/contrib/gcc-8.3.0/src/gcc/8.3.0/configure --prefix=/tmp/dkonst/lcgcmake-install/gcc/8.3.0/x86_64-centos7 -with-system-zlib --disable-multilib --enable-languages=all --with-gnu-ld --with-ld=/tmp/dkonst/lcgcmake-install/binutils/2.30/x86_64-centos7/bin/ld --with-gnu-as --with-as=/tmp/dkonst/lcgcmake-install/binutils/2.30/x86_64-centos7/bin/as
Thread model: posix
gcc version 8.3.0 (GCC) 
COMPILER_PATH=/opt/lcg/gcc/8.3.0-cebb0/x86_64-centos7/bin/../libexec/gcc/x86_64-pc-linux-gnu/8.3.0/:/opt/lcg/gcc/8.3.0-cebb0/x86_64-centos7/bin/../libexec/gcc/:/opt/lcg/gcc/8.3.0-cebb0/x86_64-centos7/
LIBRARY_PATH=/opt/lcg/gcc/8.3.0-cebb0/x86_64-centos7/bin/../lib/gcc/x86_64-pc-linux-gnu/8.3.0/:/opt/lcg/gcc/8.3.0-cebb0/x86_64-centos7/bin/../lib/gcc/:/opt/lcg/gcc/8.3.0-cebb0/x86_64-centos7/bin/../lib/gcc/x86_64-pc-linux-gnu/8.3.0/../../../../lib64/:/lib/../lib64/:/usr/lib/../lib64/:/opt/lcg/gcc/8.3.0-cebb0/x86_64-centos7/bin/../lib/gcc/x86_64-pc-linux-gnu/8.3.0/../../../:/lib/:/usr/lib/
COLLECT_GCC_OPTIONS='-v' '-rdynamic' '-o' 'cmTC_a88d4' '-shared-libgcc' '-mtune=generic' '-march=x86-64'
 /opt/lcg/gcc/8.3.0-cebb0/x86_64-centos7/bin/../libexec/gcc/x86_64-pc-linux-gnu/8.3.0/collect2 -plugin /opt/lcg/gcc/8.3.0-cebb0/x86_64-centos7/bin/../libexec/gcc/x86_64-pc-linux-gnu/8.3.0/liblto_plugin.so -plugin-opt=/opt/lcg/gcc/8.3.0-cebb0/x86_64-centos7/bin/../libexec/gcc/x86_64-pc-linux-gnu/8.3.0/lto-wrapper -plugin-opt=-fresolution=/tmp/ccKEZglD.res -plugin-opt=-pass-through=-lgcc_s -plugin-opt=-pass-through=-lgcc -plugin-opt=-pass-through=-lc -plugin-opt=-pass-through=-lgcc_s -plugin-opt=-pass-through=-lgcc --eh-frame-hdr -m elf_x86_64 -export-dynamic -dynamic-linker /lib64/ld-linux-x86-64.so.2 -o cmTC_a88d4 /lib/../lib64/crt1.o /lib/../lib64/crti.o /opt/lcg/gcc/8.3.0-cebb0/x86_64-centos7/bin/../lib/gcc/x86_64-pc-linux-gnu/8.3.0/crtbegin.o -L/opt/lcg/gcc/8.3.0-cebb0/x86_64-centos7/bin/../lib/gcc/x86_64-pc-linux-gnu/8.3.0 -L/opt/lcg/gcc/8.3.0-cebb0/x86_64-centos7/bin/../lib/gcc -L/opt/lcg/gcc/8.3.0-cebb0/x86_64-centos7/bin/../lib/gcc/x86_64-pc-linux-gnu/8.3.0/../../../../lib64 -L/lib/../lib64 -L/usr/lib/../lib64 -L/opt/lcg/gcc/8.3.0-cebb0/x86_64-centos7/bin/../lib/gcc/x86_64-pc-linux-gnu/8.3.0/../../.. CMakeFiles/cmTC_a88d4.dir/CMakeCXXCompilerABI.cpp.o -lstdc++ -lm -lgcc_s -lgcc -lc -lgcc_s -lgcc /opt/lcg/gcc/8.3.0-cebb0/x86_64-centos7/bin/../lib/gcc/x86_64-pc-linux-gnu/8.3.0/crtend.o /lib/../lib64/crtn.o
COLLECT_GCC_OPTIONS='-v' '-rdynamic' '-o' 'cmTC_a88d4' '-shared-libgcc' '-mtune=generic' '-march=x86-64'
gmake[1]: Leaving directory `/gpfs/fs1/home/whopkins/distanceRegression/geantNestedTwistedTrap/build/CMakeFiles/CMakeTmp'


Parsed CXX implicit include dir info from above output: rv=done
  found start of include info
  found start of implicit include info
    add: [/opt/lcg/gcc/8.3.0-cebb0/x86_64-centos7/include]
    add: [/opt/lcg/gcc/8.3.0-cebb0/x86_64-centos7/bin/../lib/gcc/x86_64-pc-linux-gnu/8.3.0/../../../../include/c++/8.3.0]
    add: [/opt/lcg/gcc/8.3.0-cebb0/x86_64-centos7/bin/../lib/gcc/x86_64-pc-linux-gnu/8.3.0/../../../../include/c++/8.3.0/x86_64-pc-linux-gnu]
    add: [/opt/lcg/gcc/8.3.0-cebb0/x86_64-centos7/bin/../lib/gcc/x86_64-pc-linux-gnu/8.3.0/../../../../include/c++/8.3.0/backward]
    add: [/opt/lcg/gcc/8.3.0-cebb0/x86_64-centos7/bin/../lib/gcc/x86_64-pc-linux-gnu/8.3.0/include]
    add: [/opt/lcg/gcc/8.3.0-cebb0/x86_64-centos7/bin/../lib/gcc/x86_64-pc-linux-gnu/8.3.0/include-fixed]
    add: [/usr/local/include]
    add: [/usr/include]
  end of search list found
  collapse include dir [/opt/lcg/gcc/8.3.0-cebb0/x86_64-centos7/include] ==> [/opt/lcg/gcc/8.3.0-cebb0/x86_64-centos7/include]
  collapse include dir [/opt/lcg/gcc/8.3.0-cebb0/x86_64-centos7/bin/../lib/gcc/x86_64-pc-linux-gnu/8.3.0/../../../../include/c++/8.3.0] ==> [/opt/lcg/gcc/8.3.0-cebb0/x86_64-centos7/include/c++/8.3.0]
  collapse include dir [/opt/lcg/gcc/8.3.0-cebb0/x86_64-centos7/bin/../lib/gcc/x86_64-pc-linux-gnu/8.3.0/../../../../include/c++/8.3.0/x86_64-pc-linux-gnu] ==> [/opt/lcg/gcc/8.3.0-cebb0/x86_64-centos7/include/c++/8.3.0/x86_64-pc-linux-gnu]
  collapse include dir [/opt/lcg/gcc/8.3.0-cebb0/x86_64-centos7/bin/../lib/gcc/x86_64-pc-linux-gnu/8.3.0/../../../../include/c++/8.3.0/backward] ==> [/opt/lcg/gcc/8.3.0-cebb0/x86_64-centos7/include/c++/8.3.0/backward]
  collapse include dir [/opt/lcg/gcc/8.3.0-cebb0/x86_64-centos7/bin/../lib/gcc/x86_64-pc-linux-gnu/8.3.0/include] ==> [/opt/lcg/gcc/8.3.0-cebb0/x86_64-centos7/lib/gcc/x86_64-pc-linux-gnu/8.3.0/include]
  collapse include dir [/opt/lcg/gcc/8.3.0-cebb0/x86_64-centos7/bin/../lib/gcc/x86_64-pc-linux-gnu/8.3.0/include-fixed] ==> [/opt/lcg/gcc/8.3.0-cebb0/x86_64-centos7/lib/gcc/x86_64-pc-linux-gnu/8.3.0/include-fixed]
  collapse include dir [/usr/local/include] ==> [/usr/local/include]
  collapse include dir [/usr/include] ==> [/usr/include]
  implicit include dirs: [/opt/lcg/gcc/8.3.0-cebb0/x86_64-centos7/include;/opt/lcg/gcc/8.3.0-cebb0/x86_64-centos7/include/c++/8.3.0;/opt/lcg/gcc/8.3.0-cebb0/x86_64-centos7/include/c++/8.3.0/x86_64-pc-linux-gnu;/opt/lcg/gcc/8.3.0-cebb0/x86_64-centos7/include/c++/8.3.0/backward;/opt/lcg/gcc/8.3.0-cebb0/x86_64-centos7/lib/gcc/x86_64-pc-linux-gnu/8.3.0/include;/opt/lcg/gcc/8.3.0-cebb0/x86_64-centos7/lib/gcc/x86_64-pc-linux-gnu/8.3.0/include-fixed;/usr/local/include;/usr/include]


Parsed CXX implicit link information from above output:
  link line regex: [^( *|.*[/\])(ld|CMAKE_LINK_STARTFILE-NOTFOUND|([^/\]+-)?ld|collect2)[^/\]*( |$)]
  ignore line: [Change Dir: /gpfs/fs1/home/whopkins/distanceRegression/geantNestedTwistedTrap/build/CMakeFiles/CMakeTmp]
  ignore line: []
  ignore line: [Run Build Command(s):/usr/bin/gmake cmTC_a88d4/fast ]
  ignore line: [/usr/bin/gmake -f CMakeFiles/cmTC_a88d4.dir/build.make CMakeFiles/cmTC_a88d4.dir/build]
  ignore line: [gmake[1]: Entering directory `/gpfs/fs1/home/whopkins/distanceRegression/geantNestedTwistedTrap/build/CMakeFiles/CMakeTmp']
  ignore line: [Building CXX object CMakeFiles/cmTC_a88d4.dir/CMakeCXXCompilerABI.cpp.o]
  ignore line: [/opt/lcg/gcc/8.3.0-cebb0/x86_64-centos7/bin/g++    -v -o CMakeFiles/cmTC_a88d4.dir/CMakeCXXCompilerABI.cpp.o -c /usr/local/share/cmake-3.14/Modules/CMakeCXXCompilerABI.cpp]
  ignore line: [Using built-in specs.]
  ignore line: [COLLECT_GCC=/opt/lcg/gcc/8.3.0-cebb0/x86_64-centos7/bin/g++]
  ignore line: [Target: x86_64-pc-linux-gnu]
  ignore line: [Configured with: /tmp/dkonst/build/contrib/gcc-8.3.0/src/gcc/8.3.0/configure --prefix=/tmp/dkonst/lcgcmake-install/gcc/8.3.0/x86_64-centos7 -with-system-zlib --disable-multilib --enable-languages=all --with-gnu-ld --with-ld=/tmp/dkonst/lcgcmake-install/binutils/2.30/x86_64-centos7/bin/ld --with-gnu-as --with-as=/tmp/dkonst/lcgcmake-install/binutils/2.30/x86_64-centos7/bin/as]
  ignore line: [Thread model: posix]
  ignore line: [gcc version 8.3.0 (GCC) ]
  ignore line: [COLLECT_GCC_OPTIONS='-v' '-o' 'CMakeFiles/cmTC_a88d4.dir/CMakeCXXCompilerABI.cpp.o' '-c' '-shared-libgcc' '-mtune=generic' '-march=x86-64']
  ignore line: [ /opt/lcg/gcc/8.3.0-cebb0/x86_64-centos7/bin/../libexec/gcc/x86_64-pc-linux-gnu/8.3.0/cc1plus -quiet -v -iprefix /opt/lcg/gcc/8.3.0-cebb0/x86_64-centos7/bin/../lib/gcc/x86_64-pc-linux-gnu/8.3.0/ -isystem /opt/lcg/gcc/8.3.0-cebb0/x86_64-centos7/include -D_GNU_SOURCE /usr/local/share/cmake-3.14/Modules/CMakeCXXCompilerABI.cpp -quiet -dumpbase CMakeCXXCompilerABI.cpp -mtune=generic -march=x86-64 -auxbase-strip CMakeFiles/cmTC_a88d4.dir/CMakeCXXCompilerABI.cpp.o -version -o /tmp/ccHKm9UA.s]
  ignore line: [GNU C++14 (GCC) version 8.3.0 (x86_64-pc-linux-gnu)]
  ignore line: [	compiled by GNU C version 8.3.0, GMP version 6.1.0, MPFR version 3.1.4, MPC version 1.0.3, isl version isl-0.18-GMP]
  ignore line: []
  ignore line: [GGC heuristics: --param ggc-min-expand=100 --param ggc-min-heapsize=131072]
  ignore line: [ignoring nonexistent directory "/opt/lcg/gcc/8.3.0-cebb0/x86_64-centos7/bin/../lib/gcc/x86_64-pc-linux-gnu/8.3.0/../../../../x86_64-pc-linux-gnu/include"]
  ignore line: [ignoring duplicate directory "/opt/lcg/gcc/8.3.0-cebb0/x86_64-centos7/bin/../lib/gcc/../../lib/gcc/x86_64-pc-linux-gnu/8.3.0/../../../../include/c++/8.3.0"]
  ignore line: [ignoring duplicate directory "/opt/lcg/gcc/8.3.0-cebb0/x86_64-centos7/bin/../lib/gcc/../../lib/gcc/x86_64-pc-linux-gnu/8.3.0/../../../../include/c++/8.3.0/x86_64-pc-linux-gnu"]
  ignore line: [ignoring duplicate directory "/opt/lcg/gcc/8.3.0-cebb0/x86_64-centos7/bin/../lib/gcc/../../lib/gcc/x86_64-pc-linux-gnu/8.3.0/../../../../include/c++/8.3.0/backward"]
  ignore line: [ignoring duplicate directory "/opt/lcg/gcc/8.3.0-cebb0/x86_64-centos7/bin/../lib/gcc/../../lib/gcc/x86_64-pc-linux-gnu/8.3.0/include"]
  ignore line: [ignoring duplicate directory "/opt/lcg/gcc/8.3.0-cebb0/x86_64-centos7/bin/../lib/gcc/../../include"]
  ignore line: [ignoring duplicate directory "/opt/lcg/gcc/8.3.0-cebb0/x86_64-centos7/bin/../lib/gcc/../../lib/gcc/x86_64-pc-linux-gnu/8.3.0/include-fixed"]
  ignore line: [ignoring nonexistent directory "/opt/lcg/gcc/8.3.0-cebb0/x86_64-centos7/bin/../lib/gcc/../../lib/gcc/x86_64-pc-linux-gnu/8.3.0/../../../../x86_64-pc-linux-gnu/include"]
  ignore line: [ignoring nonexistent directory "/blues/gpfs/home/software/spack-0.10.1/opt/spack/linux-centos7-x86_64/intel-17.0.4/intel-mkl-2017.3.196-v7uuj6zmthzln35n2hb7i5u5ybncv5ev/compilers_and_libraries_2017.4.196/linux/mkl/include"]
  ignore line: [ignoring nonexistent directory "/blues/gpfs/home/software/spack-0.10.1/opt/spack/linux-centos7-x86_64/gcc-4.8.5/intel-17.0.4-74uvhjiulyqgvsmywifbbuo46v5n42xc/tbb/include"]
  ignore line: [#include "..." search starts here:]
  ignore line: [#include <...> search starts here:]
  ignore line: [ /opt/lcg/gcc/8.3.0-cebb0/x86_64-centos7/include]
  ignore line: [ /opt/lcg/gcc/8.3.0-cebb0/x86_64-centos7/bin/../lib/gcc/x86_64-pc-linux-gnu/8.3.0/../../../../include/c++/8.3.0]
  ignore line: [ /opt/lcg/gcc/8.3.0-cebb0/x86_64-centos7/bin/../lib/gcc/x86_64-pc-linux-gnu/8.3.0/../../../../include/c++/8.3.0/x86_64-pc-linux-gnu]
  ignore line: [ /opt/lcg/gcc/8.3.0-cebb0/x86_64-centos7/bin/../lib/gcc/x86_64-pc-linux-gnu/8.3.0/../../../../include/c++/8.3.0/backward]
  ignore line: [ /opt/lcg/gcc/8.3.0-cebb0/x86_64-centos7/bin/../lib/gcc/x86_64-pc-linux-gnu/8.3.0/include]
  ignore line: [ /opt/lcg/gcc/8.3.0-cebb0/x86_64-centos7/bin/../lib/gcc/x86_64-pc-linux-gnu/8.3.0/include-fixed]
  ignore line: [ /usr/local/include]
  ignore line: [ /usr/include]
  ignore line: [End of search list.]
  ignore line: [GNU C++14 (GCC) version 8.3.0 (x86_64-pc-linux-gnu)]
  ignore line: [	compiled by GNU C version 8.3.0, GMP version 6.1.0, MPFR version 3.1.4, MPC version 1.0.3, isl version isl-0.18-GMP]
  ignore line: []
  ignore line: [GGC heuristics: --param ggc-min-expand=100 --param ggc-min-heapsize=131072]
  ignore line: [Compiler executable checksum: 10e38d869c22b3e45b98f3c2f1cb2073]
  ignore line: [COLLECT_GCC_OPTIONS='-v' '-o' 'CMakeFiles/cmTC_a88d4.dir/CMakeCXXCompilerABI.cpp.o' '-c' '-shared-libgcc' '-mtune=generic' '-march=x86-64']
  ignore line: [ as -v --64 -o CMakeFiles/cmTC_a88d4.dir/CMakeCXXCompilerABI.cpp.o /tmp/ccHKm9UA.s]
  ignore line: [GNU assembler version 2.30 (x86_64-pc-linux-gnu) using BFD version (GNU Binutils) 2.30]
  ignore line: [COMPILER_PATH=/opt/lcg/gcc/8.3.0-cebb0/x86_64-centos7/bin/../libexec/gcc/x86_64-pc-linux-gnu/8.3.0/:/opt/lcg/gcc/8.3.0-cebb0/x86_64-centos7/bin/../libexec/gcc/:/opt/lcg/gcc/8.3.0-cebb0/x86_64-centos7/]
  ignore line: [LIBRARY_PATH=/opt/lcg/gcc/8.3.0-cebb0/x86_64-centos7/bin/../lib/gcc/x86_64-pc-linux-gnu/8.3.0/:/opt/lcg/gcc/8.3.0-cebb0/x86_64-centos7/bin/../lib/gcc/:/opt/lcg/gcc/8.3.0-cebb0/x86_64-centos7/bin/../lib/gcc/x86_64-pc-linux-gnu/8.3.0/../../../../lib64/:/lib/../lib64/:/usr/lib/../lib64/:/opt/lcg/gcc/8.3.0-cebb0/x86_64-centos7/bin/../lib/gcc/x86_64-pc-linux-gnu/8.3.0/../../../:/lib/:/usr/lib/]
  ignore line: [COLLECT_GCC_OPTIONS='-v' '-o' 'CMakeFiles/cmTC_a88d4.dir/CMakeCXXCompilerABI.cpp.o' '-c' '-shared-libgcc' '-mtune=generic' '-march=x86-64']
  ignore line: [Linking CXX executable cmTC_a88d4]
  ignore line: [/usr/local/bin/cmake -E cmake_link_script CMakeFiles/cmTC_a88d4.dir/link.txt --verbose=1]
  ignore line: [/opt/lcg/gcc/8.3.0-cebb0/x86_64-centos7/bin/g++      -v -rdynamic CMakeFiles/cmTC_a88d4.dir/CMakeCXXCompilerABI.cpp.o  -o cmTC_a88d4 ]
  ignore line: [Using built-in specs.]
  ignore line: [COLLECT_GCC=/opt/lcg/gcc/8.3.0-cebb0/x86_64-centos7/bin/g++]
  ignore line: [COLLECT_LTO_WRAPPER=/opt/lcg/gcc/8.3.0-cebb0/x86_64-centos7/bin/../libexec/gcc/x86_64-pc-linux-gnu/8.3.0/lto-wrapper]
  ignore line: [Target: x86_64-pc-linux-gnu]
  ignore line: [Configured with: /tmp/dkonst/build/contrib/gcc-8.3.0/src/gcc/8.3.0/configure --prefix=/tmp/dkonst/lcgcmake-install/gcc/8.3.0/x86_64-centos7 -with-system-zlib --disable-multilib --enable-languages=all --with-gnu-ld --with-ld=/tmp/dkonst/lcgcmake-install/binutils/2.30/x86_64-centos7/bin/ld --with-gnu-as --with-as=/tmp/dkonst/lcgcmake-install/binutils/2.30/x86_64-centos7/bin/as]
  ignore line: [Thread model: posix]
  ignore line: [gcc version 8.3.0 (GCC) ]
  ignore line: [COMPILER_PATH=/opt/lcg/gcc/8.3.0-cebb0/x86_64-centos7/bin/../libexec/gcc/x86_64-pc-linux-gnu/8.3.0/:/opt/lcg/gcc/8.3.0-cebb0/x86_64-centos7/bin/../libexec/gcc/:/opt/lcg/gcc/8.3.0-cebb0/x86_64-centos7/]
  ignore line: [LIBRARY_PATH=/opt/lcg/gcc/8.3.0-cebb0/x86_64-centos7/bin/../lib/gcc/x86_64-pc-linux-gnu/8.3.0/:/opt/lcg/gcc/8.3.0-cebb0/x86_64-centos7/bin/../lib/gcc/:/opt/lcg/gcc/8.3.0-cebb0/x86_64-centos7/bin/../lib/gcc/x86_64-pc-linux-gnu/8.3.0/../../../../lib64/:/lib/../lib64/:/usr/lib/../lib64/:/opt/lcg/gcc/8.3.0-cebb0/x86_64-centos7/bin/../lib/gcc/x86_64-pc-linux-gnu/8.3.0/../../../:/lib/:/usr/lib/]
  ignore line: [COLLECT_GCC_OPTIONS='-v' '-rdynamic' '-o' 'cmTC_a88d4' '-shared-libgcc' '-mtune=generic' '-march=x86-64']
  link line: [ /opt/lcg/gcc/8.3.0-cebb0/x86_64-centos7/bin/../libexec/gcc/x86_64-pc-linux-gnu/8.3.0/collect2 -plugin /opt/lcg/gcc/8.3.0-cebb0/x86_64-centos7/bin/../libexec/gcc/x86_64-pc-linux-gnu/8.3.0/liblto_plugin.so -plugin-opt=/opt/lcg/gcc/8.3.0-cebb0/x86_64-centos7/bin/../libexec/gcc/x86_64-pc-linux-gnu/8.3.0/lto-wrapper -plugin-opt=-fresolution=/tmp/ccKEZglD.res -plugin-opt=-pass-through=-lgcc_s -plugin-opt=-pass-through=-lgcc -plugin-opt=-pass-through=-lc -plugin-opt=-pass-through=-lgcc_s -plugin-opt=-pass-through=-lgcc --eh-frame-hdr -m elf_x86_64 -export-dynamic -dynamic-linker /lib64/ld-linux-x86-64.so.2 -o cmTC_a88d4 /lib/../lib64/crt1.o /lib/../lib64/crti.o /opt/lcg/gcc/8.3.0-cebb0/x86_64-centos7/bin/../lib/gcc/x86_64-pc-linux-gnu/8.3.0/crtbegin.o -L/opt/lcg/gcc/8.3.0-cebb0/x86_64-centos7/bin/../lib/gcc/x86_64-pc-linux-gnu/8.3.0 -L/opt/lcg/gcc/8.3.0-cebb0/x86_64-centos7/bin/../lib/gcc -L/opt/lcg/gcc/8.3.0-cebb0/x86_64-centos7/bin/../lib/gcc/x86_64-pc-linux-gnu/8.3.0/../../../../lib64 -L/lib/../lib64 -L/usr/lib/../lib64 -L/opt/lcg/gcc/8.3.0-cebb0/x86_64-centos7/bin/../lib/gcc/x86_64-pc-linux-gnu/8.3.0/../../.. CMakeFiles/cmTC_a88d4.dir/CMakeCXXCompilerABI.cpp.o -lstdc++ -lm -lgcc_s -lgcc -lc -lgcc_s -lgcc /opt/lcg/gcc/8.3.0-cebb0/x86_64-centos7/bin/../lib/gcc/x86_64-pc-linux-gnu/8.3.0/crtend.o /lib/../lib64/crtn.o]
    arg [/opt/lcg/gcc/8.3.0-cebb0/x86_64-centos7/bin/../libexec/gcc/x86_64-pc-linux-gnu/8.3.0/collect2] ==> ignore
    arg [-plugin] ==> ignore
    arg [/opt/lcg/gcc/8.3.0-cebb0/x86_64-centos7/bin/../libexec/gcc/x86_64-pc-linux-gnu/8.3.0/liblto_plugin.so] ==> ignore
    arg [-plugin-opt=/opt/lcg/gcc/8.3.0-cebb0/x86_64-centos7/bin/../libexec/gcc/x86_64-pc-linux-gnu/8.3.0/lto-wrapper] ==> ignore
    arg [-plugin-opt=-fresolution=/tmp/ccKEZglD.res] ==> ignore
    arg [-plugin-opt=-pass-through=-lgcc_s] ==> ignore
    arg [-plugin-opt=-pass-through=-lgcc] ==> ignore
    arg [-plugin-opt=-pass-through=-lc] ==> ignore
    arg [-plugin-opt=-pass-through=-lgcc_s] ==> ignore
    arg [-plugin-opt=-pass-through=-lgcc] ==> ignore
    arg [--eh-frame-hdr] ==> ignore
    arg [-m] ==> ignore
    arg [elf_x86_64] ==> ignore
    arg [-export-dynamic] ==> ignore
    arg [-dynamic-linker] ==> ignore
    arg [/lib64/ld-linux-x86-64.so.2] ==> ignore
    arg [-o] ==> ignore
    arg [cmTC_a88d4] ==> ignore
    arg [/lib/../lib64/crt1.o] ==> ignore
    arg [/lib/../lib64/crti.o] ==> ignore
    arg [/opt/lcg/gcc/8.3.0-cebb0/x86_64-centos7/bin/../lib/gcc/x86_64-pc-linux-gnu/8.3.0/crtbegin.o] ==> ignore
    arg [-L/opt/lcg/gcc/8.3.0-cebb0/x86_64-centos7/bin/../lib/gcc/x86_64-pc-linux-gnu/8.3.0] ==> dir [/opt/lcg/gcc/8.3.0-cebb0/x86_64-centos7/bin/../lib/gcc/x86_64-pc-linux-gnu/8.3.0]
    arg [-L/opt/lcg/gcc/8.3.0-cebb0/x86_64-centos7/bin/../lib/gcc] ==> dir [/opt/lcg/gcc/8.3.0-cebb0/x86_64-centos7/bin/../lib/gcc]
    arg [-L/opt/lcg/gcc/8.3.0-cebb0/x86_64-centos7/bin/../lib/gcc/x86_64-pc-linux-gnu/8.3.0/../../../../lib64] ==> dir [/opt/lcg/gcc/8.3.0-cebb0/x86_64-centos7/bin/../lib/gcc/x86_64-pc-linux-gnu/8.3.0/../../../../lib64]
    arg [-L/lib/../lib64] ==> dir [/lib/../lib64]
    arg [-L/usr/lib/../lib64] ==> dir [/usr/lib/../lib64]
    arg [-L/opt/lcg/gcc/8.3.0-cebb0/x86_64-centos7/bin/../lib/gcc/x86_64-pc-linux-gnu/8.3.0/../../..] ==> dir [/opt/lcg/gcc/8.3.0-cebb0/x86_64-centos7/bin/../lib/gcc/x86_64-pc-linux-gnu/8.3.0/../../..]
    arg [CMakeFiles/cmTC_a88d4.dir/CMakeCXXCompilerABI.cpp.o] ==> ignore
    arg [-lstdc++] ==> lib [stdc++]
    arg [-lm] ==> lib [m]
    arg [-lgcc_s] ==> lib [gcc_s]
    arg [-lgcc] ==> lib [gcc]
    arg [-lc] ==> lib [c]
    arg [-lgcc_s] ==> lib [gcc_s]
    arg [-lgcc] ==> lib [gcc]
    arg [/opt/lcg/gcc/8.3.0-cebb0/x86_64-centos7/bin/../lib/gcc/x86_64-pc-linux-gnu/8.3.0/crtend.o] ==> ignore
    arg [/lib/../lib64/crtn.o] ==> ignore
  collapse library dir [/opt/lcg/gcc/8.3.0-cebb0/x86_64-centos7/bin/../lib/gcc/x86_64-pc-linux-gnu/8.3.0] ==> [/opt/lcg/gcc/8.3.0-cebb0/x86_64-centos7/lib/gcc/x86_64-pc-linux-gnu/8.3.0]
  collapse library dir [/opt/lcg/gcc/8.3.0-cebb0/x86_64-centos7/bin/../lib/gcc] ==> [/opt/lcg/gcc/8.3.0-cebb0/x86_64-centos7/lib/gcc]
  collapse library dir [/opt/lcg/gcc/8.3.0-cebb0/x86_64-centos7/bin/../lib/gcc/x86_64-pc-linux-gnu/8.3.0/../../../../lib64] ==> [/opt/lcg/gcc/8.3.0-cebb0/x86_64-centos7/lib64]
  collapse library dir [/lib/../lib64] ==> [/lib64]
  collapse library dir [/usr/lib/../lib64] ==> [/usr/lib64]
  collapse library dir [/opt/lcg/gcc/8.3.0-cebb0/x86_64-centos7/bin/../lib/gcc/x86_64-pc-linux-gnu/8.3.0/../../..] ==> [/opt/lcg/gcc/8.3.0-cebb0/x86_64-centos7/lib]
  implicit libs: [stdc++;m;gcc_s;gcc;c;gcc_s;gcc]
  implicit dirs: [/opt/lcg/gcc/8.3.0-cebb0/x86_64-centos7/lib/gcc/x86_64-pc-linux-gnu/8.3.0;/opt/lcg/gcc/8.3.0-cebb0/x86_64-centos7/lib/gcc;/opt/lcg/gcc/8.3.0-cebb0/x86_64-centos7/lib64;/lib64;/usr/lib64;/opt/lcg/gcc/8.3.0-cebb0/x86_64-centos7/lib]
  implicit fwks: []




Detecting CXX [-std=c++2a] compiler features compiled with the following output:
Change Dir: /gpfs/fs1/home/whopkins/distanceRegression/geantNestedTwistedTrap/build/CMakeFiles/CMakeTmp

Run Build Command(s):/usr/bin/gmake cmTC_854a9/fast 
/usr/bin/gmake -f CMakeFiles/cmTC_854a9.dir/build.make CMakeFiles/cmTC_854a9.dir/build
gmake[1]: Entering directory `/gpfs/fs1/home/whopkins/distanceRegression/geantNestedTwistedTrap/build/CMakeFiles/CMakeTmp'
Building CXX object CMakeFiles/cmTC_854a9.dir/feature_tests.cxx.o
/opt/lcg/gcc/8.3.0-cebb0/x86_64-centos7/bin/g++    -std=c++2a -o CMakeFiles/cmTC_854a9.dir/feature_tests.cxx.o -c /gpfs/fs1/home/whopkins/distanceRegression/geantNestedTwistedTrap/build/CMakeFiles/feature_tests.cxx
Linking CXX executable cmTC_854a9
/usr/local/bin/cmake -E cmake_link_script CMakeFiles/cmTC_854a9.dir/link.txt --verbose=1
/opt/lcg/gcc/8.3.0-cebb0/x86_64-centos7/bin/g++       -rdynamic CMakeFiles/cmTC_854a9.dir/feature_tests.cxx.o  -o cmTC_854a9 
gmake[1]: Leaving directory `/gpfs/fs1/home/whopkins/distanceRegression/geantNestedTwistedTrap/build/CMakeFiles/CMakeTmp'


    Feature record: CXX_FEATURE:1cxx_aggregate_default_initializers
    Feature record: CXX_FEATURE:1cxx_alias_templates
    Feature record: CXX_FEATURE:1cxx_alignas
    Feature record: CXX_FEATURE:1cxx_alignof
    Feature record: CXX_FEATURE:1cxx_attributes
    Feature record: CXX_FEATURE:1cxx_attribute_deprecated
    Feature record: CXX_FEATURE:1cxx_auto_type
    Feature record: CXX_FEATURE:1cxx_binary_literals
    Feature record: CXX_FEATURE:1cxx_constexpr
    Feature record: CXX_FEATURE:1cxx_contextual_conversions
    Feature record: CXX_FEATURE:1cxx_decltype
    Feature record: CXX_FEATURE:1cxx_decltype_auto
    Feature record: CXX_FEATURE:1cxx_decltype_incomplete_return_types
    Feature record: CXX_FEATURE:1cxx_default_function_template_args
    Feature record: CXX_FEATURE:1cxx_defaulted_functions
    Feature record: CXX_FEATURE:1cxx_defaulted_move_initializers
    Feature record: CXX_FEATURE:1cxx_delegating_constructors
    Feature record: CXX_FEATURE:1cxx_deleted_functions
    Feature record: CXX_FEATURE:1cxx_digit_separators
    Feature record: CXX_FEATURE:1cxx_enum_forward_declarations
    Feature record: CXX_FEATURE:1cxx_explicit_conversions
    Feature record: CXX_FEATURE:1cxx_extended_friend_declarations
    Feature record: CXX_FEATURE:1cxx_extern_templates
    Feature record: CXX_FEATURE:1cxx_final
    Feature record: CXX_FEATURE:1cxx_func_identifier
    Feature record: CXX_FEATURE:1cxx_generalized_initializers
    Feature record: CXX_FEATURE:1cxx_generic_lambdas
    Feature record: CXX_FEATURE:1cxx_inheriting_constructors
    Feature record: CXX_FEATURE:1cxx_inline_namespaces
    Feature record: CXX_FEATURE:1cxx_lambdas
    Feature record: CXX_FEATURE:1cxx_lambda_init_captures
    Feature record: CXX_FEATURE:1cxx_local_type_template_args
    Feature record: CXX_FEATURE:1cxx_long_long_type
    Feature record: CXX_FEATURE:1cxx_noexcept
    Feature record: CXX_FEATURE:1cxx_nonstatic_member_init
    Feature record: CXX_FEATURE:1cxx_nullptr
    Feature record: CXX_FEATURE:1cxx_override
    Feature record: CXX_FEATURE:1cxx_range_for
    Feature record: CXX_FEATURE:1cxx_raw_string_literals
    Feature record: CXX_FEATURE:1cxx_reference_qualified_functions
    Feature record: CXX_FEATURE:1cxx_relaxed_constexpr
    Feature record: CXX_FEATURE:1cxx_return_type_deduction
    Feature record: CXX_FEATURE:1cxx_right_angle_brackets
    Feature record: CXX_FEATURE:1cxx_rvalue_references
    Feature record: CXX_FEATURE:1cxx_sizeof_member
    Feature record: CXX_FEATURE:1cxx_static_assert
    Feature record: CXX_FEATURE:1cxx_strong_enums
    Feature record: CXX_FEATURE:1cxx_template_template_parameters
    Feature record: CXX_FEATURE:1cxx_thread_local
    Feature record: CXX_FEATURE:1cxx_trailing_return_types
    Feature record: CXX_FEATURE:1cxx_unicode_literals
    Feature record: CXX_FEATURE:1cxx_uniform_initialization
    Feature record: CXX_FEATURE:1cxx_unrestricted_unions
    Feature record: CXX_FEATURE:1cxx_user_literals
    Feature record: CXX_FEATURE:1cxx_variable_templates
    Feature record: CXX_FEATURE:1cxx_variadic_macros
    Feature record: CXX_FEATURE:1cxx_variadic_templates


Detecting CXX [-std=c++17] compiler features compiled with the following output:
Change Dir: /gpfs/fs1/home/whopkins/distanceRegression/geantNestedTwistedTrap/build/CMakeFiles/CMakeTmp

Run Build Command(s):/usr/bin/gmake cmTC_c7706/fast 
/usr/bin/gmake -f CMakeFiles/cmTC_c7706.dir/build.make CMakeFiles/cmTC_c7706.dir/build
gmake[1]: Entering directory `/gpfs/fs1/home/whopkins/distanceRegression/geantNestedTwistedTrap/build/CMakeFiles/CMakeTmp'
Building CXX object CMakeFiles/cmTC_c7706.dir/feature_tests.cxx.o
/opt/lcg/gcc/8.3.0-cebb0/x86_64-centos7/bin/g++    -std=c++17 -o CMakeFiles/cmTC_c7706.dir/feature_tests.cxx.o -c /gpfs/fs1/home/whopkins/distanceRegression/geantNestedTwistedTrap/build/CMakeFiles/feature_tests.cxx
Linking CXX executable cmTC_c7706
/usr/local/bin/cmake -E cmake_link_script CMakeFiles/cmTC_c7706.dir/link.txt --verbose=1
/opt/lcg/gcc/8.3.0-cebb0/x86_64-centos7/bin/g++       -rdynamic CMakeFiles/cmTC_c7706.dir/feature_tests.cxx.o  -o cmTC_c7706 
gmake[1]: Leaving directory `/gpfs/fs1/home/whopkins/distanceRegression/geantNestedTwistedTrap/build/CMakeFiles/CMakeTmp'


    Feature record: CXX_FEATURE:1cxx_aggregate_default_initializers
    Feature record: CXX_FEATURE:1cxx_alias_templates
    Feature record: CXX_FEATURE:1cxx_alignas
    Feature record: CXX_FEATURE:1cxx_alignof
    Feature record: CXX_FEATURE:1cxx_attributes
    Feature record: CXX_FEATURE:1cxx_attribute_deprecated
    Feature record: CXX_FEATURE:1cxx_auto_type
    Feature record: CXX_FEATURE:1cxx_binary_literals
    Feature record: CXX_FEATURE:1cxx_constexpr
    Feature record: CXX_FEATURE:1cxx_contextual_conversions
    Feature record: CXX_FEATURE:1cxx_decltype
    Feature record: CXX_FEATURE:1cxx_decltype_auto
    Feature record: CXX_FEATURE:1cxx_decltype_incomplete_return_types
    Feature record: CXX_FEATURE:1cxx_default_function_template_args
    Feature record: CXX_FEATURE:1cxx_defaulted_functions
    Feature record: CXX_FEATURE:1cxx_defaulted_move_initializers
    Feature record: CXX_FEATURE:1cxx_delegating_constructors
    Feature record: CXX_FEATURE:1cxx_deleted_functions
    Feature record: CXX_FEATURE:1cxx_digit_separators
    Feature record: CXX_FEATURE:1cxx_enum_forward_declarations
    Feature record: CXX_FEATURE:1cxx_explicit_conversions
    Feature record: CXX_FEATURE:1cxx_extended_friend_declarations
    Feature record: CXX_FEATURE:1cxx_extern_templates
    Feature record: CXX_FEATURE:1cxx_final
    Feature record: CXX_FEATURE:1cxx_func_identifier
    Feature record: CXX_FEATURE:1cxx_generalized_initializers
    Feature record: CXX_FEATURE:1cxx_generic_lambdas
    Feature record: CXX_FEATURE:1cxx_inheriting_constructors
    Feature record: CXX_FEATURE:1cxx_inline_namespaces
    Feature record: CXX_FEATURE:1cxx_lambdas
    Feature record: CXX_FEATURE:1cxx_lambda_init_captures
    Feature record: CXX_FEATURE:1cxx_local_type_template_args
    Feature record: CXX_FEATURE:1cxx_long_long_type
    Feature record: CXX_FEATURE:1cxx_noexcept
    Feature record: CXX_FEATURE:1cxx_nonstatic_member_init
    Feature record: CXX_FEATURE:1cxx_nullptr
    Feature record: CXX_FEATURE:1cxx_override
    Feature record: CXX_FEATURE:1cxx_range_for
    Feature record: CXX_FEATURE:1cxx_raw_string_literals
    Feature record: CXX_FEATURE:1cxx_reference_qualified_functions
    Feature record: CXX_FEATURE:1cxx_relaxed_constexpr
    Feature record: CXX_FEATURE:1cxx_return_type_deduction
    Feature record: CXX_FEATURE:1cxx_right_angle_brackets
    Feature record: CXX_FEATURE:1cxx_rvalue_references
    Feature record: CXX_FEATURE:1cxx_sizeof_member
    Feature record: CXX_FEATURE:1cxx_static_assert
    Feature record: CXX_FEATURE:1cxx_strong_enums
    Feature record: CXX_FEATURE:1cxx_template_template_parameters
    Feature record: CXX_FEATURE:1cxx_thread_local
    Feature record: CXX_FEATURE:1cxx_trailing_return_types
    Feature record: CXX_FEATURE:1cxx_unicode_literals
    Feature record: CXX_FEATURE:1cxx_uniform_initialization
    Feature record: CXX_FEATURE:1cxx_unrestricted_unions
    Feature record: CXX_FEATURE:1cxx_user_literals
    Feature record: CXX_FEATURE:1cxx_variable_templates
    Feature record: CXX_FEATURE:1cxx_variadic_macros
    Feature record: CXX_FEATURE:1cxx_variadic_templates


Detecting CXX [-std=c++14] compiler features compiled with the following output:
Change Dir: /gpfs/fs1/home/whopkins/distanceRegression/geantNestedTwistedTrap/build/CMakeFiles/CMakeTmp

Run Build Command(s):/usr/bin/gmake cmTC_6cf08/fast 
/usr/bin/gmake -f CMakeFiles/cmTC_6cf08.dir/build.make CMakeFiles/cmTC_6cf08.dir/build
gmake[1]: Entering directory `/gpfs/fs1/home/whopkins/distanceRegression/geantNestedTwistedTrap/build/CMakeFiles/CMakeTmp'
Building CXX object CMakeFiles/cmTC_6cf08.dir/feature_tests.cxx.o
/opt/lcg/gcc/8.3.0-cebb0/x86_64-centos7/bin/g++    -std=c++14 -o CMakeFiles/cmTC_6cf08.dir/feature_tests.cxx.o -c /gpfs/fs1/home/whopkins/distanceRegression/geantNestedTwistedTrap/build/CMakeFiles/feature_tests.cxx
Linking CXX executable cmTC_6cf08
/usr/local/bin/cmake -E cmake_link_script CMakeFiles/cmTC_6cf08.dir/link.txt --verbose=1
/opt/lcg/gcc/8.3.0-cebb0/x86_64-centos7/bin/g++       -rdynamic CMakeFiles/cmTC_6cf08.dir/feature_tests.cxx.o  -o cmTC_6cf08 
gmake[1]: Leaving directory `/gpfs/fs1/home/whopkins/distanceRegression/geantNestedTwistedTrap/build/CMakeFiles/CMakeTmp'


    Feature record: CXX_FEATURE:1cxx_aggregate_default_initializers
    Feature record: CXX_FEATURE:1cxx_alias_templates
    Feature record: CXX_FEATURE:1cxx_alignas
    Feature record: CXX_FEATURE:1cxx_alignof
    Feature record: CXX_FEATURE:1cxx_attributes
    Feature record: CXX_FEATURE:1cxx_attribute_deprecated
    Feature record: CXX_FEATURE:1cxx_auto_type
    Feature record: CXX_FEATURE:1cxx_binary_literals
    Feature record: CXX_FEATURE:1cxx_constexpr
    Feature record: CXX_FEATURE:1cxx_contextual_conversions
    Feature record: CXX_FEATURE:1cxx_decltype
    Feature record: CXX_FEATURE:1cxx_decltype_auto
    Feature record: CXX_FEATURE:1cxx_decltype_incomplete_return_types
    Feature record: CXX_FEATURE:1cxx_default_function_template_args
    Feature record: CXX_FEATURE:1cxx_defaulted_functions
    Feature record: CXX_FEATURE:1cxx_defaulted_move_initializers
    Feature record: CXX_FEATURE:1cxx_delegating_constructors
    Feature record: CXX_FEATURE:1cxx_deleted_functions
    Feature record: CXX_FEATURE:1cxx_digit_separators
    Feature record: CXX_FEATURE:1cxx_enum_forward_declarations
    Feature record: CXX_FEATURE:1cxx_explicit_conversions
    Feature record: CXX_FEATURE:1cxx_extended_friend_declarations
    Feature record: CXX_FEATURE:1cxx_extern_templates
    Feature record: CXX_FEATURE:1cxx_final
    Feature record: CXX_FEATURE:1cxx_func_identifier
    Feature record: CXX_FEATURE:1cxx_generalized_initializers
    Feature record: CXX_FEATURE:1cxx_generic_lambdas
    Feature record: CXX_FEATURE:1cxx_inheriting_constructors
    Feature record: CXX_FEATURE:1cxx_inline_namespaces
    Feature record: CXX_FEATURE:1cxx_lambdas
    Feature record: CXX_FEATURE:1cxx_lambda_init_captures
    Feature record: CXX_FEATURE:1cxx_local_type_template_args
    Feature record: CXX_FEATURE:1cxx_long_long_type
    Feature record: CXX_FEATURE:1cxx_noexcept
    Feature record: CXX_FEATURE:1cxx_nonstatic_member_init
    Feature record: CXX_FEATURE:1cxx_nullptr
    Feature record: CXX_FEATURE:1cxx_override
    Feature record: CXX_FEATURE:1cxx_range_for
    Feature record: CXX_FEATURE:1cxx_raw_string_literals
    Feature record: CXX_FEATURE:1cxx_reference_qualified_functions
    Feature record: CXX_FEATURE:1cxx_relaxed_constexpr
    Feature record: CXX_FEATURE:1cxx_return_type_deduction
    Feature record: CXX_FEATURE:1cxx_right_angle_brackets
    Feature record: CXX_FEATURE:1cxx_rvalue_references
    Feature record: CXX_FEATURE:1cxx_sizeof_member
    Feature record: CXX_FEATURE:1cxx_static_assert
    Feature record: CXX_FEATURE:1cxx_strong_enums
    Feature record: CXX_FEATURE:1cxx_template_template_parameters
    Feature record: CXX_FEATURE:1cxx_thread_local
    Feature record: CXX_FEATURE:1cxx_trailing_return_types
    Feature record: CXX_FEATURE:1cxx_unicode_literals
    Feature record: CXX_FEATURE:1cxx_uniform_initialization
    Feature record: CXX_FEATURE:1cxx_unrestricted_unions
    Feature record: CXX_FEATURE:1cxx_user_literals
    Feature record: CXX_FEATURE:1cxx_variable_templates
    Feature record: CXX_FEATURE:1cxx_variadic_macros
    Feature record: CXX_FEATURE:1cxx_variadic_templates


Detecting CXX [-std=c++11] compiler features compiled with the following output:
Change Dir: /gpfs/fs1/home/whopkins/distanceRegression/geantNestedTwistedTrap/build/CMakeFiles/CMakeTmp

Run Build Command(s):/usr/bin/gmake cmTC_2f437/fast 
/usr/bin/gmake -f CMakeFiles/cmTC_2f437.dir/build.make CMakeFiles/cmTC_2f437.dir/build
gmake[1]: Entering directory `/gpfs/fs1/home/whopkins/distanceRegression/geantNestedTwistedTrap/build/CMakeFiles/CMakeTmp'
Building CXX object CMakeFiles/cmTC_2f437.dir/feature_tests.cxx.o
/opt/lcg/gcc/8.3.0-cebb0/x86_64-centos7/bin/g++    -std=c++11 -o CMakeFiles/cmTC_2f437.dir/feature_tests.cxx.o -c /gpfs/fs1/home/whopkins/distanceRegression/geantNestedTwistedTrap/build/CMakeFiles/feature_tests.cxx
Linking CXX executable cmTC_2f437
/usr/local/bin/cmake -E cmake_link_script CMakeFiles/cmTC_2f437.dir/link.txt --verbose=1
/opt/lcg/gcc/8.3.0-cebb0/x86_64-centos7/bin/g++       -rdynamic CMakeFiles/cmTC_2f437.dir/feature_tests.cxx.o  -o cmTC_2f437 
gmake[1]: Leaving directory `/gpfs/fs1/home/whopkins/distanceRegression/geantNestedTwistedTrap/build/CMakeFiles/CMakeTmp'


    Feature record: CXX_FEATURE:0cxx_aggregate_default_initializers
    Feature record: CXX_FEATURE:1cxx_alias_templates
    Feature record: CXX_FEATURE:1cxx_alignas
    Feature record: CXX_FEATURE:1cxx_alignof
    Feature record: CXX_FEATURE:1cxx_attributes
    Feature record: CXX_FEATURE:0cxx_attribute_deprecated
    Feature record: CXX_FEATURE:1cxx_auto_type
    Feature record: CXX_FEATURE:0cxx_binary_literals
    Feature record: CXX_FEATURE:1cxx_constexpr
    Feature record: CXX_FEATURE:0cxx_contextual_conversions
    Feature record: CXX_FEATURE:1cxx_decltype
    Feature record: CXX_FEATURE:0cxx_decltype_auto
    Feature record: CXX_FEATURE:1cxx_decltype_incomplete_return_types
    Feature record: CXX_FEATURE:1cxx_default_function_template_args
    Feature record: CXX_FEATURE:1cxx_defaulted_functions
    Feature record: CXX_FEATURE:1cxx_defaulted_move_initializers
    Feature record: CXX_FEATURE:1cxx_delegating_constructors
    Feature record: CXX_FEATURE:1cxx_deleted_functions
    Feature record: CXX_FEATURE:0cxx_digit_separators
    Feature record: CXX_FEATURE:1cxx_enum_forward_declarations
    Feature record: CXX_FEATURE:1cxx_explicit_conversions
    Feature record: CXX_FEATURE:1cxx_extended_friend_declarations
    Feature record: CXX_FEATURE:1cxx_extern_templates
    Feature record: CXX_FEATURE:1cxx_final
    Feature record: CXX_FEATURE:1cxx_func_identifier
    Feature record: CXX_FEATURE:1cxx_generalized_initializers
    Feature record: CXX_FEATURE:0cxx_generic_lambdas
    Feature record: CXX_FEATURE:1cxx_inheriting_constructors
    Feature record: CXX_FEATURE:1cxx_inline_namespaces
    Feature record: CXX_FEATURE:1cxx_lambdas
    Feature record: CXX_FEATURE:0cxx_lambda_init_captures
    Feature record: CXX_FEATURE:1cxx_local_type_template_args
    Feature record: CXX_FEATURE:1cxx_long_long_type
    Feature record: CXX_FEATURE:1cxx_noexcept
    Feature record: CXX_FEATURE:1cxx_nonstatic_member_init
    Feature record: CXX_FEATURE:1cxx_nullptr
    Feature record: CXX_FEATURE:1cxx_override
    Feature record: CXX_FEATURE:1cxx_range_for
    Feature record: CXX_FEATURE:1cxx_raw_string_literals
    Feature record: CXX_FEATURE:1cxx_reference_qualified_functions
    Feature record: CXX_FEATURE:0cxx_relaxed_constexpr
    Feature record: CXX_FEATURE:0cxx_return_type_deduction
    Feature record: CXX_FEATURE:1cxx_right_angle_brackets
    Feature record: CXX_FEATURE:1cxx_rvalue_references
    Feature record: CXX_FEATURE:1cxx_sizeof_member
    Feature record: CXX_FEATURE:1cxx_static_assert
    Feature record: CXX_FEATURE:1cxx_strong_enums
    Feature record: CXX_FEATURE:1cxx_template_template_parameters
    Feature record: CXX_FEATURE:1cxx_thread_local
    Feature record: CXX_FEATURE:1cxx_trailing_return_types
    Feature record: CXX_FEATURE:1cxx_unicode_literals
    Feature record: CXX_FEATURE:1cxx_uniform_initialization
    Feature record: CXX_FEATURE:1cxx_unrestricted_unions
    Feature record: CXX_FEATURE:1cxx_user_literals
    Feature record: CXX_FEATURE:0cxx_variable_templates
    Feature record: CXX_FEATURE:1cxx_variadic_macros
    Feature record: CXX_FEATURE:1cxx_variadic_templates


Detecting CXX [-std=c++98] compiler features compiled with the following output:
Change Dir: /gpfs/fs1/home/whopkins/distanceRegression/geantNestedTwistedTrap/build/CMakeFiles/CMakeTmp

Run Build Command(s):/usr/bin/gmake cmTC_ad3f3/fast 
/usr/bin/gmake -f CMakeFiles/cmTC_ad3f3.dir/build.make CMakeFiles/cmTC_ad3f3.dir/build
gmake[1]: Entering directory `/gpfs/fs1/home/whopkins/distanceRegression/geantNestedTwistedTrap/build/CMakeFiles/CMakeTmp'
Building CXX object CMakeFiles/cmTC_ad3f3.dir/feature_tests.cxx.o
/opt/lcg/gcc/8.3.0-cebb0/x86_64-centos7/bin/g++    -std=c++98 -o CMakeFiles/cmTC_ad3f3.dir/feature_tests.cxx.o -c /gpfs/fs1/home/whopkins/distanceRegression/geantNestedTwistedTrap/build/CMakeFiles/feature_tests.cxx
Linking CXX executable cmTC_ad3f3
/usr/local/bin/cmake -E cmake_link_script CMakeFiles/cmTC_ad3f3.dir/link.txt --verbose=1
/opt/lcg/gcc/8.3.0-cebb0/x86_64-centos7/bin/g++       -rdynamic CMakeFiles/cmTC_ad3f3.dir/feature_tests.cxx.o  -o cmTC_ad3f3 
gmake[1]: Leaving directory `/gpfs/fs1/home/whopkins/distanceRegression/geantNestedTwistedTrap/build/CMakeFiles/CMakeTmp'


    Feature record: CXX_FEATURE:0cxx_aggregate_default_initializers
    Feature record: CXX_FEATURE:0cxx_alias_templates
    Feature record: CXX_FEATURE:0cxx_alignas
    Feature record: CXX_FEATURE:0cxx_alignof
    Feature record: CXX_FEATURE:0cxx_attributes
    Feature record: CXX_FEATURE:0cxx_attribute_deprecated
    Feature record: CXX_FEATURE:0cxx_auto_type
    Feature record: CXX_FEATURE:0cxx_binary_literals
    Feature record: CXX_FEATURE:0cxx_constexpr
    Feature record: CXX_FEATURE:0cxx_contextual_conversions
    Feature record: CXX_FEATURE:0cxx_decltype
    Feature record: CXX_FEATURE:0cxx_decltype_auto
    Feature record: CXX_FEATURE:0cxx_decltype_incomplete_return_types
    Feature record: CXX_FEATURE:0cxx_default_function_template_args
    Feature record: CXX_FEATURE:0cxx_defaulted_functions
    Feature record: CXX_FEATURE:0cxx_defaulted_move_initializers
    Feature record: CXX_FEATURE:0cxx_delegating_constructors
    Feature record: CXX_FEATURE:0cxx_deleted_functions
    Feature record: CXX_FEATURE:0cxx_digit_separators
    Feature record: CXX_FEATURE:0cxx_enum_forward_declarations
    Feature record: CXX_FEATURE:0cxx_explicit_conversions
    Feature record: CXX_FEATURE:0cxx_extended_friend_declarations
    Feature record: CXX_FEATURE:0cxx_extern_templates
    Feature record: CXX_FEATURE:0cxx_final
    Feature record: CXX_FEATURE:0cxx_func_identifier
    Feature record: CXX_FEATURE:0cxx_generalized_initializers
    Feature record: CXX_FEATURE:0cxx_generic_lambdas
    Feature record: CXX_FEATURE:0cxx_inheriting_constructors
    Feature record: CXX_FEATURE:0cxx_inline_namespaces
    Feature record: CXX_FEATURE:0cxx_lambdas
    Feature record: CXX_FEATURE:0cxx_lambda_init_captures
    Feature record: CXX_FEATURE:0cxx_local_type_template_args
    Feature record: CXX_FEATURE:0cxx_long_long_type
    Feature record: CXX_FEATURE:0cxx_noexcept
    Feature record: CXX_FEATURE:0cxx_nonstatic_member_init
    Feature record: CXX_FEATURE:0cxx_nullptr
    Feature record: CXX_FEATURE:0cxx_override
    Feature record: CXX_FEATURE:0cxx_range_for
    Feature record: CXX_FEATURE:0cxx_raw_string_literals
    Feature record: CXX_FEATURE:0cxx_reference_qualified_functions
    Feature record: CXX_FEATURE:0cxx_relaxed_constexpr
    Feature record: CXX_FEATURE:0cxx_return_type_deduction
    Feature record: CXX_FEATURE:0cxx_right_angle_brackets
    Feature record: CXX_FEATURE:0cxx_rvalue_references
    Feature record: CXX_FEATURE:0cxx_sizeof_member
    Feature record: CXX_FEATURE:0cxx_static_assert
    Feature record: CXX_FEATURE:0cxx_strong_enums
    Feature record: CXX_FEATURE:1cxx_template_template_parameters
    Feature record: CXX_FEATURE:0cxx_thread_local
    Feature record: CXX_FEATURE:0cxx_trailing_return_types
    Feature record: CXX_FEATURE:0cxx_unicode_literals
    Feature record: CXX_FEATURE:0cxx_uniform_initialization
    Feature record: CXX_FEATURE:0cxx_unrestricted_unions
    Feature record: CXX_FEATURE:0cxx_user_literals
    Feature record: CXX_FEATURE:0cxx_variable_templates
    Feature record: CXX_FEATURE:0cxx_variadic_macros
    Feature record: CXX_FEATURE:0cxx_variadic_templates
